Using pre-set license
Built from '2020.3/staging' branch; Version is '2020.3.8f1 (507919d4fff5) revision 5273881'; Using compiler version '192528614'; Build Type 'Release'
OS: 'Windows 10 Home Single Language; OS build 16299.1087; Version 1709; 64bit' Language: 'ru' Physical Memory: 7645 MB
BatchMode: 1, IsHumanControllingUs: 0, StartBugReporterOnCrash: 0, Is64bit: 1, IsPro: 0

 COMMAND LINE ARGUMENTS:
C:\Program Files\Unity\Hub\Editor\2020.3.8f1\Editor\Unity.exe
-adb2
-batchMode
-noUpm
-name
AssetImportWorker1
-projectPath
C:/Users/NONAME/Documents/GitHub/thelooping-unity
-logFile
Logs/AssetImportWorker1.log
-srvPort
60788
Successfully changed project path to: C:/Users/NONAME/Documents/GitHub/thelooping-unity
C:/Users/NONAME/Documents/GitHub/thelooping-unity
Using Asset Import Pipeline V2.
Refreshing native plugins compatible for Editor in 279.67 ms, found 5 plugins.
Preloading 0 native plugins for Editor in 0.00 ms.
Initialize engine version: 2020.3.8f1 (507919d4fff5)
[Subsystems] Discovering subsystems at path C:/Program Files/Unity/Hub/Editor/2020.3.8f1/Editor/Data/Resources/UnitySubsystems
[Subsystems] Discovering subsystems at path C:/Users/NONAME/Documents/GitHub/thelooping-unity/Assets
GfxDevice: creating device client; threaded=0
Direct3D:
    Version:  Direct3D 11.0 [level 11.1]
    Renderer: AMD Radeon(TM) R4 Graphics (ID=0x98e4)
    Vendor:   
    VRAM:     500 MB
    Driver:   22.19.180.513
Shader 'Universal Render Pipeline/Particles/Lit': fallback shader 'Universal Render Pipeline/Particles/SimpleLit' not found
Initialize mono
Mono path[0] = 'C:/Program Files/Unity/Hub/Editor/2020.3.8f1/Editor/Data/Managed'
Mono path[1] = 'C:/Program Files/Unity/Hub/Editor/2020.3.8f1/Editor/Data/MonoBleedingEdge/lib/mono/unityjit'
Mono config path = 'C:/Program Files/Unity/Hub/Editor/2020.3.8f1/Editor/Data/MonoBleedingEdge/etc'
Using monoOptions --debugger-agent=transport=dt_socket,embedding=1,server=y,suspend=n,address=127.0.0.1:56884
Begin MonoManager ReloadAssembly
Registering precompiled unity dll's ...
Register platform support module: C:/Program Files/Unity/Hub/Editor/2020.3.8f1/Editor/Data/PlaybackEngines/WindowsStandaloneSupport/UnityEditor.WindowsStandalone.Extensions.dll
Registered in 0.003993 seconds.
Native extension for WindowsStandalone target not found
Refreshing native plugins compatible for Editor in 153.47 ms, found 5 plugins.
Preloading 0 native plugins for Editor in 0.00 ms.
Mono: successfully reloaded assembly
- Completed reload, in  5.465 seconds
Platform modules already initialized, skipping
Registering precompiled user dll's ...
Registered in 0.014376 seconds.
Begin MonoManager ReloadAssembly
Native extension for WindowsStandalone target not found
Refreshing native plugins compatible for Editor in 164.57 ms, found 5 plugins.
Preloading 0 native plugins for Editor in 0.00 ms.
Mono: successfully reloaded assembly
- Completed reload, in  4.225 seconds
Platform modules already initialized, skipping
========================================================================
Worker process is ready to serve import requests
Shader 'Universal Render Pipeline/Particles/Lit': fallback shader 'Universal Render Pipeline/Particles/SimpleLit' not found
Launched and connected shader compiler UnityShaderCompiler.exe after 0.14 seconds
Refreshing native plugins compatible for Editor in 2.02 ms, found 5 plugins.
Preloading 0 native plugins for Editor in 0.00 ms.
Unloading 2921 Unused Serialized files (Serialized files now loaded: 0)
System memory in use before: 132.9 MB.
System memory in use after: 133.1 MB.

Unloading 26 unused Assets to reduce memory usage. Loaded Objects now: 3352.
Total: 9.485262 ms (FindLiveObjects: 0.808426 ms CreateObjectMapping: 0.458792 ms MarkObjects: 8.013270 ms  DeleteObjects: 0.201081 ms)

========================================================================
Received Import Request.
  path: Assets/Scripts/PlayerInput.cs
  artifactKey: Guid(cc148c973681f7340901116f464b7bd5) Importer(815301076,1909f56bfc062723c751e8b465ee728b)
Start importing Assets/Scripts/PlayerInput.cs using Guid(cc148c973681f7340901116f464b7bd5) Importer(815301076,1909f56bfc062723c751e8b465ee728b)  -> (artifact id: '138e2c93fa8fd34f2c92990bf81310d8') in 0.078339 seconds
  Import took 0.091820 seconds .

========================================================================
Received Import Request.
  Time since last request: 164.255312 seconds.
  path: Assets/Scripts/PlayerInput.cs
  artifactKey: Guid(cc148c973681f7340901116f464b7bd5) Importer(815301076,1909f56bfc062723c751e8b465ee728b)
Start importing Assets/Scripts/PlayerInput.cs using Guid(cc148c973681f7340901116f464b7bd5) Importer(815301076,1909f56bfc062723c751e8b465ee728b)  -> (artifact id: '2c4074bd11d571a095bdb83d9515260f') in 0.028926 seconds
  Import took 0.044340 seconds .

========================================================================
Received Prepare
Registering precompiled user dll's ...
Registered in 0.030688 seconds.
Begin MonoManager ReloadAssembly
Native extension for WindowsStandalone target not found
Refreshing native plugins compatible for Editor in 1.95 ms, found 5 plugins.
Preloading 0 native plugins for Editor in 0.00 ms.
Mono: successfully reloaded assembly
- Completed reload, in  2.693 seconds
Platform modules already initialized, skipping
Switching build target platform(5) subTarget(0) extendedPlatform(0) -> platform(13) subTarget(537395200) extendedPlatform(0)
Shader 'Universal Render Pipeline/Particles/Lit': fallback shader 'Universal Render Pipeline/Particles/SimpleLit' not found
Refreshing native plugins compatible for Editor in 1.69 ms, found 5 plugins.
Preloading 0 native plugins for Editor in 0.00 ms.
Unloading 2836 Unused Serialized files (Serialized files now loaded: 0)
System memory in use before: 122.8 MB.
System memory in use after: 123.0 MB.

Unloading 21 unused Assets to reduce memory usage. Loaded Objects now: 3355.
Total: 7.661994 ms (FindLiveObjects: 1.109227 ms CreateObjectMapping: 0.450995 ms MarkObjects: 6.044731 ms  DeleteObjects: 0.054169 ms)

AssetImportParameters requested are different than current active one (requested -> active):
  custom:graphics/normal-map-encoding: 01000000000000000000000000000000 -> 02000000000000000000000000000000
========================================================================
Received Prepare
Registering precompiled user dll's ...
Registered in 0.016339 seconds.
Begin MonoManager ReloadAssembly
Native extension for WindowsStandalone target not found
Refreshing native plugins compatible for Editor in 2.28 ms, found 5 plugins.
Preloading 0 native plugins for Editor in 0.00 ms.
Mono: successfully reloaded assembly
- Completed reload, in 15.710 seconds
Platform modules already initialized, skipping
Switching build target platform(5) subTarget(0) extendedPlatform(0) -> platform(13) subTarget(537395200) extendedPlatform(0)
Shader 'Universal Render Pipeline/Particles/Lit': fallback shader 'Universal Render Pipeline/Particles/SimpleLit' not found
Refreshing native plugins compatible for Editor in 1.80 ms, found 5 plugins.
Preloading 0 native plugins for Editor in 0.00 ms.
Unloading 2836 Unused Serialized files (Serialized files now loaded: 0)
System memory in use before: 122.9 MB.
System memory in use after: 123.1 MB.

Unloading 21 unused Assets to reduce memory usage. Loaded Objects now: 3358.
Total: 6.629096 ms (FindLiveObjects: 0.752616 ms CreateObjectMapping: 0.453868 ms MarkObjects: 5.350798 ms  DeleteObjects: 0.068532 ms)

AssetImportParameters requested are different than current active one (requested -> active):
  custom:graphics/normal-map-encoding: 01000000000000000000000000000000 -> 02000000000000000000000000000000
========================================================================
Received Prepare
Registering precompiled user dll's ...
Registered in 0.019093 seconds.
Begin MonoManager ReloadAssembly
Native extension for WindowsStandalone target not found
Refreshing native plugins compatible for Editor in 1.84 ms, found 5 plugins.
Preloading 0 native plugins for Editor in 0.00 ms.
Mono: successfully reloaded assembly
- Completed reload, in  4.044 seconds
Platform modules already initialized, skipping
Switching build target platform(5) subTarget(0) extendedPlatform(0) -> platform(13) subTarget(537395200) extendedPlatform(0)
Shader 'Universal Render Pipeline/Particles/Lit': fallback shader 'Universal Render Pipeline/Particles/SimpleLit' not found
Refreshing native plugins compatible for Editor in 2.39 ms, found 5 plugins.
Preloading 0 native plugins for Editor in 0.00 ms.
Unloading 2836 Unused Serialized files (Serialized files now loaded: 0)
System memory in use before: 122.9 MB.
System memory in use after: 123.1 MB.

Unloading 21 unused Assets to reduce memory usage. Loaded Objects now: 3361.
Total: 8.483963 ms (FindLiveObjects: 0.883524 ms CreateObjectMapping: 0.562205 ms MarkObjects: 6.937693 ms  DeleteObjects: 0.096026 ms)

AssetImportParameters requested are different than current active one (requested -> active):
  custom:graphics/normal-map-encoding: 01000000000000000000000000000000 -> 02000000000000000000000000000000
========================================================================
Received Import Request.
  Time since last request: 634.923083 seconds.
  path: Assets/Scripts/PlayerInput.cs
  artifactKey: Guid(cc148c973681f7340901116f464b7bd5) Importer(815301076,1909f56bfc062723c751e8b465ee728b)
Start importing Assets/Scripts/PlayerInput.cs using Guid(cc148c973681f7340901116f464b7bd5) Importer(815301076,1909f56bfc062723c751e8b465ee728b)  -> (artifact id: 'b19144b5c929947cafca6a8454a4a75e') in 0.025809 seconds
  Import took 0.043184 seconds .

========================================================================
Received Import Request.
  Time since last request: 3.132778 seconds.
  path: Assets/Scripts/PlayerInput.cs
  artifactKey: Guid(cc148c973681f7340901116f464b7bd5) Importer(815301076,1909f56bfc062723c751e8b465ee728b)
Start importing Assets/Scripts/PlayerInput.cs using Guid(cc148c973681f7340901116f464b7bd5) Importer(815301076,1909f56bfc062723c751e8b465ee728b)  -> (artifact id: 'b19144b5c929947cafca6a8454a4a75e') in 0.014059 seconds
  Import took 0.026906 seconds .

========================================================================
Received Prepare
Registering precompiled user dll's ...
Registered in 0.012080 seconds.
Begin MonoManager ReloadAssembly
Native extension for WindowsStandalone target not found
Refreshing native plugins compatible for Editor in 2.48 ms, found 5 plugins.
Preloading 0 native plugins for Editor in 0.00 ms.
Mono: successfully reloaded assembly
- Completed reload, in  2.935 seconds
Platform modules already initialized, skipping
Switching build target platform(5) subTarget(0) extendedPlatform(0) -> platform(13) subTarget(537395200) extendedPlatform(0)
Shader 'Universal Render Pipeline/Particles/Lit': fallback shader 'Universal Render Pipeline/Particles/SimpleLit' not found
Refreshing native plugins compatible for Editor in 1.70 ms, found 5 plugins.
Preloading 0 native plugins for Editor in 0.00 ms.
Unloading 2836 Unused Serialized files (Serialized files now loaded: 0)
System memory in use before: 122.9 MB.
System memory in use after: 123.1 MB.

Unloading 21 unused Assets to reduce memory usage. Loaded Objects now: 3364.
Total: 6.294235 ms (FindLiveObjects: 0.785446 ms CreateObjectMapping: 0.526913 ms MarkObjects: 4.928118 ms  DeleteObjects: 0.051296 ms)

AssetImportParameters requested are different than current active one (requested -> active):
  custom:graphics/normal-map-encoding: 01000000000000000000000000000000 -> 02000000000000000000000000000000
========================================================================
Received Prepare
Registering precompiled user dll's ...
Registered in 0.018915 seconds.
Begin MonoManager ReloadAssembly
Native extension for WindowsStandalone target not found
Refreshing native plugins compatible for Editor in 1.60 ms, found 5 plugins.
Preloading 0 native plugins for Editor in 0.00 ms.
Mono: successfully reloaded assembly
- Completed reload, in  2.593 seconds
Platform modules already initialized, skipping
Switching build target platform(5) subTarget(0) extendedPlatform(0) -> platform(13) subTarget(537395200) extendedPlatform(0)
Shader 'Universal Render Pipeline/Particles/Lit': fallback shader 'Universal Render Pipeline/Particles/SimpleLit' not found
Refreshing native plugins compatible for Editor in 1.64 ms, found 5 plugins.
Preloading 0 native plugins for Editor in 0.00 ms.
Unloading 2836 Unused Serialized files (Serialized files now loaded: 0)
System memory in use before: 122.9 MB.
System memory in use after: 123.2 MB.

Unloading 21 unused Assets to reduce memory usage. Loaded Objects now: 3367.
Total: 5.946653 ms (FindLiveObjects: 0.873265 ms CreateObjectMapping: 0.350045 ms MarkObjects: 4.667944 ms  DeleteObjects: 0.052117 ms)

AssetImportParameters requested are different than current active one (requested -> active):
  custom:graphics/normal-map-encoding: 01000000000000000000000000000000 -> 02000000000000000000000000000000
========================================================================
Received Import Request.
  Time since last request: 203.251668 seconds.
  path: Assets/Scripts/PlayerInput.cs
  artifactKey: Guid(cc148c973681f7340901116f464b7bd5) Importer(815301076,1909f56bfc062723c751e8b465ee728b)
Start importing Assets/Scripts/PlayerInput.cs using Guid(cc148c973681f7340901116f464b7bd5) Importer(815301076,1909f56bfc062723c751e8b465ee728b)  -> (artifact id: '46d17e1f498e3cdf3bea12c761f88543') in 0.014537 seconds
  Import took 0.025219 seconds .

========================================================================
Received Prepare
Registering precompiled user dll's ...
Registered in 0.016329 seconds.
Begin MonoManager ReloadAssembly
Native extension for WindowsStandalone target not found
Refreshing native plugins compatible for Editor in 1.56 ms, found 5 plugins.
Preloading 0 native plugins for Editor in 0.00 ms.
Mono: successfully reloaded assembly
- Completed reload, in  3.304 seconds
Platform modules already initialized, skipping
Switching build target platform(5) subTarget(0) extendedPlatform(0) -> platform(13) subTarget(537395200) extendedPlatform(0)
Shader 'Universal Render Pipeline/Particles/Lit': fallback shader 'Universal Render Pipeline/Particles/SimpleLit' not found
Refreshing native plugins compatible for Editor in 1.89 ms, found 5 plugins.
Preloading 0 native plugins for Editor in 0.00 ms.
Unloading 2836 Unused Serialized files (Serialized files now loaded: 0)
System memory in use before: 122.9 MB.
System memory in use after: 123.2 MB.

Unloading 21 unused Assets to reduce memory usage. Loaded Objects now: 3370.
Total: 7.481432 ms (FindLiveObjects: 0.861364 ms CreateObjectMapping: 0.396006 ms MarkObjects: 6.159224 ms  DeleteObjects: 0.061966 ms)

AssetImportParameters requested are different than current active one (requested -> active):
  custom:graphics/normal-map-encoding: 01000000000000000000000000000000 -> 02000000000000000000000000000000
========================================================================
Received Prepare
Registering precompiled user dll's ...
Registered in 0.015218 seconds.
Begin MonoManager ReloadAssembly
Native extension for WindowsStandalone target not found
Refreshing native plugins compatible for Editor in 1.86 ms, found 5 plugins.
Preloading 0 native plugins for Editor in 0.00 ms.
Mono: successfully reloaded assembly
- Completed reload, in  3.469 seconds
Platform modules already initialized, skipping
Switching build target platform(5) subTarget(0) extendedPlatform(0) -> platform(13) subTarget(537395200) extendedPlatform(0)
Shader 'Universal Render Pipeline/Particles/Lit': fallback shader 'Universal Render Pipeline/Particles/SimpleLit' not found
Refreshing native plugins compatible for Editor in 1.75 ms, found 5 plugins.
Preloading 0 native plugins for Editor in 0.00 ms.
Unloading 2836 Unused Serialized files (Serialized files now loaded: 0)
System memory in use before: 122.9 MB.
System memory in use after: 123.2 MB.

Unloading 21 unused Assets to reduce memory usage. Loaded Objects now: 3373.
Total: 6.864237 ms (FindLiveObjects: 0.721018 ms CreateObjectMapping: 0.320088 ms MarkObjects: 5.706998 ms  DeleteObjects: 0.112851 ms)

AssetImportParameters requested are different than current active one (requested -> active):
  custom:graphics/normal-map-encoding: 01000000000000000000000000000000 -> 02000000000000000000000000000000
========================================================================
Received Import Request.
  Time since last request: 261.304532 seconds.
  path: Assets/Joystick Pack/Sprites/Horizontal Backgrounds/Horizontal_Plain.png
  artifactKey: Guid(097782735540f2d4db5606eae04ae6a7) Importer(815301076,1909f56bfc062723c751e8b465ee728b)
Start importing Assets/Joystick Pack/Sprites/Horizontal Backgrounds/Horizontal_Plain.png using Guid(097782735540f2d4db5606eae04ae6a7) Importer(815301076,1909f56bfc062723c751e8b465ee728b)  -> (artifact id: '559c870fcf72bb0660d865d525ad0b52') in 0.331479 seconds
  Import took 0.342580 seconds .

========================================================================
Received Import Request.
  Time since last request: 0.000386 seconds.
  path: Assets/Terrain/TerrainData_461d558f-cac2-457f-975a-42690f4e86db.asset
  artifactKey: Guid(2c0fd68ddc7a59644b51bfca78679fa3) Importer(815301076,1909f56bfc062723c751e8b465ee728b)
Start importing Assets/Terrain/TerrainData_461d558f-cac2-457f-975a-42690f4e86db.asset using Guid(2c0fd68ddc7a59644b51bfca78679fa3) Importer(815301076,1909f56bfc062723c751e8b465ee728b)  -> (artifact id: '60517f55c707cece749f8ef3737e4b28') in 0.503643 seconds
  Import took 0.519194 seconds .

========================================================================
Received Import Request.
  Time since last request: 0.000362 seconds.
  path: Assets/Terrain/TerrainData_6781be3a-6d24-4547-bb46-cd258c7fc1a7.asset
  artifactKey: Guid(c280c5ddbf251af45b7d85456600fddd) Importer(815301076,1909f56bfc062723c751e8b465ee728b)
Start importing Assets/Terrain/TerrainData_6781be3a-6d24-4547-bb46-cd258c7fc1a7.asset using Guid(c280c5ddbf251af45b7d85456600fddd) Importer(815301076,1909f56bfc062723c751e8b465ee728b)  -> (artifact id: 'ec5005058f042fb5007e1c54489efe90') in 0.352972 seconds
  Import took 0.370128 seconds .

========================================================================
Received Import Request.
  Time since last request: 0.000119 seconds.
  path: Assets/Terrain/TerrainData_4009b0c1-4c01-487b-8acf-0abc3ab29e30.asset
  artifactKey: Guid(86c1a5210c4f9db40ace3020cc58d2b4) Importer(815301076,1909f56bfc062723c751e8b465ee728b)
Start importing Assets/Terrain/TerrainData_4009b0c1-4c01-487b-8acf-0abc3ab29e30.asset using Guid(86c1a5210c4f9db40ace3020cc58d2b4) Importer(815301076,1909f56bfc062723c751e8b465ee728b)  -> (artifact id: 'ab4d47780cff433bf52ede093b1bc72b') in 0.409376 seconds
  Import took 0.429177 seconds .

========================================================================
Received Import Request.
  Time since last request: 0.000539 seconds.
  path: Assets/Joystick Pack/Sprites/All Axis Backgrounds/AllAxis_Plain.png
  artifactKey: Guid(84487d73ca4b791498332d8f6858417f) Importer(815301076,1909f56bfc062723c751e8b465ee728b)
Start importing Assets/Joystick Pack/Sprites/All Axis Backgrounds/AllAxis_Plain.png using Guid(84487d73ca4b791498332d8f6858417f) Importer(815301076,1909f56bfc062723c751e8b465ee728b)  -> (artifact id: '14ddc72dae74fbcee3b0ea17742cbb7b') in 0.143293 seconds
  Import took 0.169243 seconds .

========================================================================
Received Import Request.
  Time since last request: 0.000424 seconds.
  path: Assets/Terrain/TerrainData_365e862b-8bb8-4ca4-ab5b-3f0dc83e338c.asset
  artifactKey: Guid(cd55790fa75224e4e96c5833a5fd795c) Importer(815301076,1909f56bfc062723c751e8b465ee728b)
Start importing Assets/Terrain/TerrainData_365e862b-8bb8-4ca4-ab5b-3f0dc83e338c.asset using Guid(cd55790fa75224e4e96c5833a5fd795c) Importer(815301076,1909f56bfc062723c751e8b465ee728b)  -> (artifact id: '23aa387a0729c44f13b99f5e00d9c4ae') in 0.474174 seconds
  Import took 0.498648 seconds .

========================================================================
Received Import Request.
  Time since last request: 0.000424 seconds.
  path: Assets/Joystick Pack/Sprites/All Axis Backgrounds/AllAxis_Plain_Arrows.png
  artifactKey: Guid(2a1f3cba20f3e11498474a705db12fde) Importer(815301076,1909f56bfc062723c751e8b465ee728b)
Start importing Assets/Joystick Pack/Sprites/All Axis Backgrounds/AllAxis_Plain_Arrows.png using Guid(2a1f3cba20f3e11498474a705db12fde) Importer(815301076,1909f56bfc062723c751e8b465ee728b)  -> (artifact id: '8e6056f692d82b6eb84a4be330277a24') in 0.127253 seconds
  Import took 0.139390 seconds .

========================================================================
Received Import Request.
  Time since last request: 0.002133 seconds.
  path: Assets/Terrain/TerrainData_7cfd9898-6869-4572-a184-b3cad2810f09.asset
  artifactKey: Guid(29c633db2f2b24c4594204c723919806) Importer(815301076,1909f56bfc062723c751e8b465ee728b)
Start importing Assets/Terrain/TerrainData_7cfd9898-6869-4572-a184-b3cad2810f09.asset using Guid(29c633db2f2b24c4594204c723919806) Importer(815301076,1909f56bfc062723c751e8b465ee728b)  -> (artifact id: '580d77e4e5e68fe9814c0c4c70f23aec') in 0.965036 seconds
  Import took 1.041232 seconds .

========================================================================
Received Import Request.
  Time since last request: 0.001137 seconds.
  path: Assets/Terrain/TerrainData_a5e21afb-ddcf-4469-a124-857a6ea8c737.asset
  artifactKey: Guid(be090d88c3a3e5f41816872f3225b532) Importer(815301076,1909f56bfc062723c751e8b465ee728b)
Start importing Assets/Terrain/TerrainData_a5e21afb-ddcf-4469-a124-857a6ea8c737.asset using Guid(be090d88c3a3e5f41816872f3225b532) Importer(815301076,1909f56bfc062723c751e8b465ee728b)  -> (artifact id: 'c1afc4c06f4ab3e59d4855c6861d3596') in 0.390308 seconds
  Import took 0.408687 seconds .

========================================================================
Received Import Request.
  Time since last request: 0.001431 seconds.
  path: Assets/Terrain/TerrainData_d335fa9d-d6f8-409b-b67d-099d5f5f658f.asset
  artifactKey: Guid(e36e35dd197425742aaf6f2f84b977c0) Importer(815301076,1909f56bfc062723c751e8b465ee728b)
Start importing Assets/Terrain/TerrainData_d335fa9d-d6f8-409b-b67d-099d5f5f658f.asset using Guid(e36e35dd197425742aaf6f2f84b977c0) Importer(815301076,1909f56bfc062723c751e8b465ee728b)  -> (artifact id: 'f6f47bf63da1cfe435fe5ccae3948413') in 0.351864 seconds
  Import took 0.370124 seconds .

========================================================================
Received Import Request.
  Time since last request: 0.000414 seconds.
  path: Assets/Joystick Pack/Sprites/Handles/Handle_Plain_Arrows.png
  artifactKey: Guid(f353d42d1db27ff42b78b28efd86b316) Importer(815301076,1909f56bfc062723c751e8b465ee728b)
Start importing Assets/Joystick Pack/Sprites/Handles/Handle_Plain_Arrows.png using Guid(f353d42d1db27ff42b78b28efd86b316) Importer(815301076,1909f56bfc062723c751e8b465ee728b)  -> (artifact id: 'c724c39c1797036a77dde30d8d0f810e') in 2.121063 seconds
  Import took 2.132048 seconds .

========================================================================
Received Import Request.
  Time since last request: 0.000796 seconds.
  path: Assets/Terrain/TerrainData_6ab40200-f9dc-4f9a-9859-1810c3342dfb.asset
  artifactKey: Guid(d021bb794ec1d8f42a9d781f35f3f425) Importer(815301076,1909f56bfc062723c751e8b465ee728b)
Start importing Assets/Terrain/TerrainData_6ab40200-f9dc-4f9a-9859-1810c3342dfb.asset using Guid(d021bb794ec1d8f42a9d781f35f3f425) Importer(815301076,1909f56bfc062723c751e8b465ee728b)  -> (artifact id: 'c2bdfe5b71b7d3be95a9de726565f764') in 0.614681 seconds
  Import took 0.630278 seconds .

========================================================================
Received Import Request.
  Time since last request: 0.001242 seconds.
  path: Assets/Terrain/TerrainData_99b65db6-5c5e-4063-bdd7-745496091d67.asset
  artifactKey: Guid(e52c22c00af7cdd4b9b38d0956bb96b5) Importer(815301076,1909f56bfc062723c751e8b465ee728b)
Start importing Assets/Terrain/TerrainData_99b65db6-5c5e-4063-bdd7-745496091d67.asset using Guid(e52c22c00af7cdd4b9b38d0956bb96b5) Importer(815301076,1909f56bfc062723c751e8b465ee728b)  -> (artifact id: '07a49612548a1bdbe0def68c29ea1830') in 0.720073 seconds
  Import took 0.739114 seconds .

========================================================================
Received Import Request.
  Time since last request: 0.000607 seconds.
  path: Assets/Joystick Pack/Sprites/Handles/Handle_Plain.png
  artifactKey: Guid(010a6e5305fa7004f89c5d317b7b47d4) Importer(815301076,1909f56bfc062723c751e8b465ee728b)
Start importing Assets/Joystick Pack/Sprites/Handles/Handle_Plain.png using Guid(010a6e5305fa7004f89c5d317b7b47d4) Importer(815301076,1909f56bfc062723c751e8b465ee728b)  -> (artifact id: 'a84caea3603fee3a6cb15821c9d6c1ea') in 0.407810 seconds
  Import took 0.489763 seconds .

========================================================================
Received Import Request.
  Time since last request: 0.000951 seconds.
  path: Assets/Joystick Pack/Sprites/Horizontal Backgrounds/Horizontal_Plain_Arrows.png
  artifactKey: Guid(c8585b68a92b5d440992ddd7d1b1a3d6) Importer(815301076,1909f56bfc062723c751e8b465ee728b)
Start importing Assets/Joystick Pack/Sprites/Horizontal Backgrounds/Horizontal_Plain_Arrows.png using Guid(c8585b68a92b5d440992ddd7d1b1a3d6) Importer(815301076,1909f56bfc062723c751e8b465ee728b)  -> (artifact id: 'dd9ab86f14dc77515bbe925cac966b87') in 0.336473 seconds
  Import took 0.348614 seconds .

========================================================================
Received Prepare
Registering precompiled user dll's ...
Registered in 0.019202 seconds.
Begin MonoManager ReloadAssembly
Native extension for WindowsStandalone target not found
Refreshing native plugins compatible for Editor in 1.73 ms, found 5 plugins.
Preloading 0 native plugins for Editor in 0.00 ms.
Mono: successfully reloaded assembly
- Completed reload, in  3.803 seconds
Platform modules already initialized, skipping
Switching build target platform(5) subTarget(0) extendedPlatform(0) -> platform(13) subTarget(537395200) extendedPlatform(0)
Shader 'Universal Render Pipeline/Particles/Lit': fallback shader 'Universal Render Pipeline/Particles/SimpleLit' not found
Refreshing native plugins compatible for Editor in 1.97 ms, found 5 plugins.
Preloading 0 native plugins for Editor in 0.00 ms.
Unloading 2836 Unused Serialized files (Serialized files now loaded: 0)
System memory in use before: 126.8 MB.
System memory in use after: 126.4 MB.

Unloading 23 unused Assets to reduce memory usage. Loaded Objects now: 3383.
Total: 9.101567 ms (FindLiveObjects: 0.734560 ms CreateObjectMapping: 1.562684 ms MarkObjects: 5.621231 ms  DeleteObjects: 1.179400 ms)

AssetImportParameters requested are different than current active one (requested -> active):
  custom:graphics/normal-map-encoding: 01000000000000000000000000000000 -> 02000000000000000000000000000000
========================================================================
Received Import Request.
  Time since last request: 681.038470 seconds.
  path: Assets/Scripts/PlayerInput.cs
  artifactKey: Guid(cc148c973681f7340901116f464b7bd5) Importer(815301076,1909f56bfc062723c751e8b465ee728b)
Start importing Assets/Scripts/PlayerInput.cs using Guid(cc148c973681f7340901116f464b7bd5) Importer(815301076,1909f56bfc062723c751e8b465ee728b)  -> (artifact id: 'f3e857ceafa37eb9ce7b3bb15d07c7be') in 0.023212 seconds
  Import took 0.033393 seconds .

========================================================================
Received Import Request.
  Time since last request: 2.343898 seconds.
  path: Assets/Scripts/PlayerInput.cs
  artifactKey: Guid(cc148c973681f7340901116f464b7bd5) Importer(815301076,1909f56bfc062723c751e8b465ee728b)
Start importing Assets/Scripts/PlayerInput.cs using Guid(cc148c973681f7340901116f464b7bd5) Importer(815301076,1909f56bfc062723c751e8b465ee728b)  -> (artifact id: 'f3e857ceafa37eb9ce7b3bb15d07c7be') in 0.011490 seconds
  Import took 0.023059 seconds .

========================================================================
Received Prepare
Registering precompiled user dll's ...
Registered in 0.013489 seconds.
Begin MonoManager ReloadAssembly
Native extension for WindowsStandalone target not found
Refreshing native plugins compatible for Editor in 1.58 ms, found 5 plugins.
Preloading 0 native plugins for Editor in 0.00 ms.
Mono: successfully reloaded assembly
- Completed reload, in  6.872 seconds
Platform modules already initialized, skipping
Switching build target platform(5) subTarget(0) extendedPlatform(0) -> platform(13) subTarget(537395200) extendedPlatform(0)
Shader 'Universal Render Pipeline/Particles/Lit': fallback shader 'Universal Render Pipeline/Particles/SimpleLit' not found
Refreshing native plugins compatible for Editor in 3.69 ms, found 5 plugins.
Preloading 0 native plugins for Editor in 0.00 ms.
Unloading 2836 Unused Serialized files (Serialized files now loaded: 0)
System memory in use before: 126.2 MB.
System memory in use after: 126.4 MB.

Unloading 21 unused Assets to reduce memory usage. Loaded Objects now: 3386.
Total: 10.608852 ms (FindLiveObjects: 2.310786 ms CreateObjectMapping: 1.135490 ms MarkObjects: 7.097737 ms  DeleteObjects: 0.061555 ms)

AssetImportParameters requested are different than current active one (requested -> active):
  custom:graphics/normal-map-encoding: 01000000000000000000000000000000 -> 02000000000000000000000000000000
========================================================================
Received Prepare
Registering precompiled user dll's ...
Registered in 0.015699 seconds.
Begin MonoManager ReloadAssembly
Native extension for WindowsStandalone target not found
Refreshing native plugins compatible for Editor in 1.62 ms, found 5 plugins.
Preloading 0 native plugins for Editor in 0.00 ms.
Mono: successfully reloaded assembly
- Completed reload, in  2.685 seconds
Platform modules already initialized, skipping
Switching build target platform(5) subTarget(0) extendedPlatform(0) -> platform(13) subTarget(537395200) extendedPlatform(0)
Shader 'Universal Render Pipeline/Particles/Lit': fallback shader 'Universal Render Pipeline/Particles/SimpleLit' not found
Refreshing native plugins compatible for Editor in 1.61 ms, found 5 plugins.
Preloading 0 native plugins for Editor in 0.00 ms.
Unloading 2836 Unused Serialized files (Serialized files now loaded: 0)
System memory in use before: 126.2 MB.
System memory in use after: 126.5 MB.

Unloading 21 unused Assets to reduce memory usage. Loaded Objects now: 3389.
Total: 6.378361 ms (FindLiveObjects: 0.806375 ms CreateObjectMapping: 0.508036 ms MarkObjects: 5.005677 ms  DeleteObjects: 0.054169 ms)

AssetImportParameters requested are different than current active one (requested -> active):
  custom:graphics/normal-map-encoding: 01000000000000000000000000000000 -> 02000000000000000000000000000000
========================================================================
Received Import Request.
  Time since last request: 168.929197 seconds.
  path: Assets/Scripts/PlayerInput.cs
  artifactKey: Guid(cc148c973681f7340901116f464b7bd5) Importer(815301076,1909f56bfc062723c751e8b465ee728b)
Start importing Assets/Scripts/PlayerInput.cs using Guid(cc148c973681f7340901116f464b7bd5) Importer(815301076,1909f56bfc062723c751e8b465ee728b)  -> (artifact id: 'e790b44a953234fb10765d4b2ce7fdbe') in 0.015615 seconds
  Import took 0.025906 seconds .

========================================================================
Received Prepare
Shader 'Universal Render Pipeline/Particles/Lit': fallback shader 'Universal Render Pipeline/Particles/SimpleLit' not found
Refreshing native plugins compatible for Editor in 23.01 ms, found 5 plugins.
Preloading 0 native plugins for Editor in 0.00 ms.
Unloading 19 Unused Serialized files (Serialized files now loaded: 0)
System memory in use before: 72.6 MB.
System memory in use after: 72.9 MB.

Unloading 19 unused Assets to reduce memory usage. Loaded Objects now: 3389.
Total: 8.255798 ms (FindLiveObjects: 0.830586 ms CreateObjectMapping: 0.772724 ms MarkObjects: 6.576158 ms  DeleteObjects: 0.071815 ms)

========================================================================
Received Import Request.
  Time since last request: 531.087301 seconds.
  path: Assets/Presets/Defaults/DirectionalLight_Default.preset
  artifactKey: Guid(463065d4f17d1d94d848aa127b94dd43) Importer(815301076,1909f56bfc062723c751e8b465ee728b)
Start importing Assets/Presets/Defaults/DirectionalLight_Default.preset using Guid(463065d4f17d1d94d848aa127b94dd43) Importer(815301076,1909f56bfc062723c751e8b465ee728b)  -> (artifact id: 'ae357e57509ffed6313cee838918f88e') in 0.107819 seconds
  Import took 0.119730 seconds .

========================================================================
Received Prepare
Registering precompiled user dll's ...
Registered in 0.018325 seconds.
Begin MonoManager ReloadAssembly
Native extension for WindowsStandalone target not found
Refreshing native plugins compatible for Editor in 1.82 ms, found 5 plugins.
Preloading 0 native plugins for Editor in 0.00 ms.
Mono: successfully reloaded assembly
- Completed reload, in  3.351 seconds
Platform modules already initialized, skipping
Switching build target platform(5) subTarget(0) extendedPlatform(0) -> platform(13) subTarget(537395200) extendedPlatform(0)
Shader 'Universal Render Pipeline/Particles/Lit': fallback shader 'Universal Render Pipeline/Particles/SimpleLit' not found
Refreshing native plugins compatible for Editor in 1.91 ms, found 5 plugins.
Preloading 0 native plugins for Editor in 0.00 ms.
Unloading 2836 Unused Serialized files (Serialized files now loaded: 0)
System memory in use before: 126.2 MB.
System memory in use after: 126.5 MB.

Unloading 21 unused Assets to reduce memory usage. Loaded Objects now: 3392.
Total: 8.626771 ms (FindLiveObjects: 1.388688 ms CreateObjectMapping: 0.533069 ms MarkObjects: 6.567541 ms  DeleteObjects: 0.134601 ms)

AssetImportParameters requested are different than current active one (requested -> active):
  custom:graphics/normal-map-encoding: 01000000000000000000000000000000 -> 02000000000000000000000000000000
========================================================================
Received Import Request.
  Time since last request: 92.565553 seconds.
  path: Assets/Scripts/PlayerInput.cs
  artifactKey: Guid(cc148c973681f7340901116f464b7bd5) Importer(815301076,1909f56bfc062723c751e8b465ee728b)
Start importing Assets/Scripts/PlayerInput.cs using Guid(cc148c973681f7340901116f464b7bd5) Importer(815301076,1909f56bfc062723c751e8b465ee728b)  -> (artifact id: 'dbb401ead4ee7d0cd833e5ce9a07e7a7') in 0.074953 seconds
  Import took 0.116986 seconds .

========================================================================
Received Import Request.
  Time since last request: 6.714845 seconds.
  path: Assets/Scripts/PlayerInput.cs
  artifactKey: Guid(cc148c973681f7340901116f464b7bd5) Importer(815301076,1909f56bfc062723c751e8b465ee728b)
Start importing Assets/Scripts/PlayerInput.cs using Guid(cc148c973681f7340901116f464b7bd5) Importer(815301076,1909f56bfc062723c751e8b465ee728b)  -> (artifact id: 'dbb401ead4ee7d0cd833e5ce9a07e7a7') in 0.016640 seconds
  Import took 0.029101 seconds .

========================================================================
Received Prepare
Registering precompiled user dll's ...
Registered in 0.018328 seconds.
Begin MonoManager ReloadAssembly
Native extension for WindowsStandalone target not found
Refreshing native plugins compatible for Editor in 11.05 ms, found 5 plugins.
Preloading 0 native plugins for Editor in 0.00 ms.
Mono: successfully reloaded assembly
- Completed reload, in 23.822 seconds
Platform modules already initialized, skipping
Switching build target platform(5) subTarget(0) extendedPlatform(0) -> platform(13) subTarget(537395200) extendedPlatform(0)
Shader 'Universal Render Pipeline/Particles/Lit': fallback shader 'Universal Render Pipeline/Particles/SimpleLit' not found
Refreshing native plugins compatible for Editor in 8.01 ms, found 5 plugins.
Preloading 0 native plugins for Editor in 0.00 ms.
Unloading 2836 Unused Serialized files (Serialized files now loaded: 0)
System memory in use before: 126.2 MB.
System memory in use after: 126.5 MB.

Unloading 21 unused Assets to reduce memory usage. Loaded Objects now: 3395.
Total: 94.655645 ms (FindLiveObjects: 0.848232 ms CreateObjectMapping: 58.601472 ms MarkObjects: 35.025790 ms  DeleteObjects: 0.174817 ms)

AssetImportParameters requested are different than current active one (requested -> active):
  custom:graphics/normal-map-encoding: 01000000000000000000000000000000 -> 02000000000000000000000000000000
========================================================================
Received Import Request.
  Time since last request: 154.962693 seconds.
  path: Assets/Scripts/PlayerInput.cs
  artifactKey: Guid(cc148c973681f7340901116f464b7bd5) Importer(815301076,1909f56bfc062723c751e8b465ee728b)
Start importing Assets/Scripts/PlayerInput.cs using Guid(cc148c973681f7340901116f464b7bd5) Importer(815301076,1909f56bfc062723c751e8b465ee728b)  -> (artifact id: '0bb3b23aafacc0162d62d64e6819525a') in 0.126726 seconds
  Import took 0.191117 seconds .

========================================================================
Received Prepare
Registering precompiled user dll's ...
Registered in 0.016952 seconds.
Begin MonoManager ReloadAssembly
Native extension for WindowsStandalone target not found
Refreshing native plugins compatible for Editor in 8.61 ms, found 5 plugins.
Preloading 0 native plugins for Editor in 0.00 ms.
Mono: successfully reloaded assembly
- Completed reload, in 25.672 seconds
Platform modules already initialized, skipping
Switching build target platform(5) subTarget(0) extendedPlatform(0) -> platform(13) subTarget(537395200) extendedPlatform(0)
Shader 'Universal Render Pipeline/Particles/Lit': fallback shader 'Universal Render Pipeline/Particles/SimpleLit' not found
Refreshing native plugins compatible for Editor in 9.46 ms, found 5 plugins.
Preloading 0 native plugins for Editor in 0.00 ms.
Unloading 2836 Unused Serialized files (Serialized files now loaded: 0)
System memory in use before: 126.2 MB.
System memory in use after: 126.5 MB.

Unloading 21 unused Assets to reduce memory usage. Loaded Objects now: 3398.
Total: 36.029551 ms (FindLiveObjects: 0.933999 ms CreateObjectMapping: 4.141031 ms MarkObjects: 30.804327 ms  DeleteObjects: 0.144860 ms)

AssetImportParameters requested are different than current active one (requested -> active):
  custom:graphics/normal-map-encoding: 01000000000000000000000000000000 -> 02000000000000000000000000000000
========================================================================
Received Import Request.
  Time since last request: 146.071652 seconds.
  path: Assets/Scripts/PlayerInput.cs
  artifactKey: Guid(cc148c973681f7340901116f464b7bd5) Importer(815301076,1909f56bfc062723c751e8b465ee728b)
Start importing Assets/Scripts/PlayerInput.cs using Guid(cc148c973681f7340901116f464b7bd5) Importer(815301076,1909f56bfc062723c751e8b465ee728b)  -> (artifact id: 'c9cae2254df157be4c509d83a8a9e84a') in 0.076540 seconds
  Import took 0.131489 seconds .

========================================================================
Received Import Request.
  Time since last request: 160.624667 seconds.
  path: Assets/ANIMATOR/PLAYABLE/viking/character.controller
  artifactKey: Guid(444776e79654d3b43b3de42883bdefd3) Importer(815301076,1909f56bfc062723c751e8b465ee728b)
Start importing Assets/ANIMATOR/PLAYABLE/viking/character.controller using Guid(444776e79654d3b43b3de42883bdefd3) Importer(815301076,1909f56bfc062723c751e8b465ee728b)  -> (artifact id: '4d88de2aa8f994c37d7a9c30b8eeaa28') in 0.258322 seconds
  Import took 0.303806 seconds .

========================================================================
Received Prepare
Registering precompiled user dll's ...
Registered in 0.013236 seconds.
Begin MonoManager ReloadAssembly
Native extension for WindowsStandalone target not found
Refreshing native plugins compatible for Editor in 1.77 ms, found 5 plugins.
Preloading 0 native plugins for Editor in 0.00 ms.
Mono: successfully reloaded assembly
- Completed reload, in  4.168 seconds
Platform modules already initialized, skipping
Switching build target platform(5) subTarget(0) extendedPlatform(0) -> platform(13) subTarget(537395200) extendedPlatform(0)
Shader 'Universal Render Pipeline/Particles/Lit': fallback shader 'Universal Render Pipeline/Particles/SimpleLit' not found
Refreshing native plugins compatible for Editor in 1.98 ms, found 5 plugins.
Preloading 0 native plugins for Editor in 0.00 ms.
Unloading 2836 Unused Serialized files (Serialized files now loaded: 0)
System memory in use before: 126.3 MB.
System memory in use after: 126.5 MB.

Unloading 21 unused Assets to reduce memory usage. Loaded Objects now: 3401.
Total: 7.626702 ms (FindLiveObjects: 0.988578 ms CreateObjectMapping: 0.549894 ms MarkObjects: 6.022161 ms  DeleteObjects: 0.063197 ms)

AssetImportParameters requested are different than current active one (requested -> active):
  custom:graphics/normal-map-encoding: 01000000000000000000000000000000 -> 02000000000000000000000000000000
========================================================================
Received Prepare
Shader 'Universal Render Pipeline/Particles/Lit': fallback shader 'Universal Render Pipeline/Particles/SimpleLit' not found
Refreshing native plugins compatible for Editor in 27.53 ms, found 5 plugins.
Preloading 0 native plugins for Editor in 0.00 ms.
Unloading 19 Unused Serialized files (Serialized files now loaded: 0)
System memory in use before: 72.7 MB.
System memory in use after: 72.9 MB.

Unloading 19 unused Assets to reduce memory usage. Loaded Objects now: 3401.
Total: 8.889407 ms (FindLiveObjects: 0.926613 ms CreateObjectMapping: 0.421449 ms MarkObjects: 7.470762 ms  DeleteObjects: 0.067711 ms)

========================================================================
Received Prepare
Registering precompiled user dll's ...
Registered in 0.360410 seconds.
Begin MonoManager ReloadAssembly
Native extension for WindowsStandalone target not found
Refreshing native plugins compatible for Editor in 1.56 ms, found 5 plugins.
Preloading 0 native plugins for Editor in 0.00 ms.
Mono: successfully reloaded assembly
- Completed reload, in  3.175 seconds
Platform modules already initialized, skipping
Switching build target platform(5) subTarget(0) extendedPlatform(0) -> platform(13) subTarget(537395200) extendedPlatform(0)
Shader 'Universal Render Pipeline/Particles/Lit': fallback shader 'Universal Render Pipeline/Particles/SimpleLit' not found
Refreshing native plugins compatible for Editor in 1.86 ms, found 5 plugins.
Preloading 0 native plugins for Editor in 0.00 ms.
Unloading 2836 Unused Serialized files (Serialized files now loaded: 0)
System memory in use before: 126.3 MB.
System memory in use after: 126.5 MB.

Unloading 21 unused Assets to reduce memory usage. Loaded Objects now: 3404.
Total: 6.011491 ms (FindLiveObjects: 0.736612 ms CreateObjectMapping: 0.338144 ms MarkObjects: 4.880925 ms  DeleteObjects: 0.052938 ms)

AssetImportParameters requested are different than current active one (requested -> active):
  custom:graphics/normal-map-encoding: 01000000000000000000000000000000 -> 02000000000000000000000000000000
========================================================================
Received Import Request.
  Time since last request: 1100.829504 seconds.
  path: Assets/Scripts/PlayerInput.cs
  artifactKey: Guid(cc148c973681f7340901116f464b7bd5) Importer(815301076,1909f56bfc062723c751e8b465ee728b)
Start importing Assets/Scripts/PlayerInput.cs using Guid(cc148c973681f7340901116f464b7bd5) Importer(815301076,1909f56bfc062723c751e8b465ee728b)  -> (artifact id: '13b45b039f22f365febb48dd505aa584') in 0.054772 seconds
  Import took 0.202196 seconds .

========================================================================
Received Prepare
Registering precompiled user dll's ...
Registered in 0.016061 seconds.
Begin MonoManager ReloadAssembly
Native extension for WindowsStandalone target not found
Refreshing native plugins compatible for Editor in 1.81 ms, found 5 plugins.
Preloading 0 native plugins for Editor in 0.00 ms.
Mono: successfully reloaded assembly
- Completed reload, in  9.568 seconds
Platform modules already initialized, skipping
Switching build target platform(5) subTarget(0) extendedPlatform(0) -> platform(13) subTarget(537395200) extendedPlatform(0)
Shader 'Universal Render Pipeline/Particles/Lit': fallback shader 'Universal Render Pipeline/Particles/SimpleLit' not found
Refreshing native plugins compatible for Editor in 1.58 ms, found 5 plugins.
Preloading 0 native plugins for Editor in 0.00 ms.
Unloading 2836 Unused Serialized files (Serialized files now loaded: 0)
System memory in use before: 126.3 MB.
System memory in use after: 126.5 MB.

Unloading 21 unused Assets to reduce memory usage. Loaded Objects now: 3407.
Total: 6.266740 ms (FindLiveObjects: 0.845770 ms CreateObjectMapping: 0.385747 ms MarkObjects: 4.966692 ms  DeleteObjects: 0.065249 ms)

AssetImportParameters requested are different than current active one (requested -> active):
  custom:graphics/normal-map-encoding: 01000000000000000000000000000000 -> 02000000000000000000000000000000
========================================================================
Received Import Request.
  Time since last request: 133.559047 seconds.
  path: Assets/Scripts/PlayerInput.cs
  artifactKey: Guid(cc148c973681f7340901116f464b7bd5) Importer(815301076,1909f56bfc062723c751e8b465ee728b)
Start importing Assets/Scripts/PlayerInput.cs using Guid(cc148c973681f7340901116f464b7bd5) Importer(815301076,1909f56bfc062723c751e8b465ee728b)  -> (artifact id: '7a380d5ad0838d450e9260445a198f6a') in 0.017855 seconds
  Import took 0.032258 seconds .

========================================================================
Received Prepare
Registering precompiled user dll's ...
Registered in 0.040539 seconds.
Begin MonoManager ReloadAssembly
Native extension for WindowsStandalone target not found
Refreshing native plugins compatible for Editor in 1.74 ms, found 5 plugins.
Preloading 0 native plugins for Editor in 0.00 ms.
Mono: successfully reloaded assembly
- Completed reload, in  8.057 seconds
Platform modules already initialized, skipping
Switching build target platform(5) subTarget(0) extendedPlatform(0) -> platform(13) subTarget(537395200) extendedPlatform(0)
Shader 'Universal Render Pipeline/Particles/Lit': fallback shader 'Universal Render Pipeline/Particles/SimpleLit' not found
Refreshing native plugins compatible for Editor in 1.60 ms, found 5 plugins.
Preloading 0 native plugins for Editor in 0.00 ms.
Unloading 2836 Unused Serialized files (Serialized files now loaded: 0)
System memory in use before: 126.3 MB.
System memory in use after: 126.5 MB.

Unloading 21 unused Assets to reduce memory usage. Loaded Objects now: 3410.
Total: 10.037618 ms (FindLiveObjects: 0.716504 ms CreateObjectMapping: 0.541276 ms MarkObjects: 8.710896 ms  DeleteObjects: 0.065249 ms)

AssetImportParameters requested are different than current active one (requested -> active):
  custom:graphics/normal-map-encoding: 01000000000000000000000000000000 -> 02000000000000000000000000000000
========================================================================
Received Import Request.
  Time since last request: 71.129094 seconds.
  path: Assets/Scripts/PlayerInput.cs
  artifactKey: Guid(cc148c973681f7340901116f464b7bd5) Importer(815301076,1909f56bfc062723c751e8b465ee728b)
Start importing Assets/Scripts/PlayerInput.cs using Guid(cc148c973681f7340901116f464b7bd5) Importer(815301076,1909f56bfc062723c751e8b465ee728b)  -> (artifact id: '8b254e516e38b782ebba304197755b9c') in 0.030916 seconds
  Import took 0.046607 seconds .

========================================================================
Received Prepare
Registering precompiled user dll's ...
Registered in 0.016912 seconds.
Begin MonoManager ReloadAssembly
Native extension for WindowsStandalone target not found
Refreshing native plugins compatible for Editor in 1.53 ms, found 5 plugins.
Preloading 0 native plugins for Editor in 0.00 ms.
Mono: successfully reloaded assembly
- Completed reload, in  3.086 seconds
Platform modules already initialized, skipping
Switching build target platform(5) subTarget(0) extendedPlatform(0) -> platform(13) subTarget(537395200) extendedPlatform(0)
Shader 'Universal Render Pipeline/Particles/Lit': fallback shader 'Universal Render Pipeline/Particles/SimpleLit' not found
Refreshing native plugins compatible for Editor in 1.77 ms, found 5 plugins.
Preloading 0 native plugins for Editor in 0.00 ms.
Unloading 2836 Unused Serialized files (Serialized files now loaded: 0)
System memory in use before: 126.3 MB.
System memory in use after: 126.5 MB.

Unloading 21 unused Assets to reduce memory usage. Loaded Objects now: 3413.
Total: 7.545449 ms (FindLiveObjects: 0.935230 ms CreateObjectMapping: 0.575747 ms MarkObjects: 5.970454 ms  DeleteObjects: 0.058683 ms)

AssetImportParameters requested are different than current active one (requested -> active):
  custom:graphics/normal-map-encoding: 01000000000000000000000000000000 -> 02000000000000000000000000000000
========================================================================
Received Import Request.
  Time since last request: 56.819458 seconds.
  path: Assets/Scripts/PlayerInput.cs
  artifactKey: Guid(cc148c973681f7340901116f464b7bd5) Importer(815301076,1909f56bfc062723c751e8b465ee728b)
Start importing Assets/Scripts/PlayerInput.cs using Guid(cc148c973681f7340901116f464b7bd5) Importer(815301076,1909f56bfc062723c751e8b465ee728b)  -> (artifact id: '1f0b680d162c98e03071ad29108aeac4') in 0.019573 seconds
  Import took 0.036577 seconds .

========================================================================
Received Prepare
Registering precompiled user dll's ...
Registered in 0.049899 seconds.
Begin MonoManager ReloadAssembly
Native extension for WindowsStandalone target not found
Refreshing native plugins compatible for Editor in 1.78 ms, found 5 plugins.
Preloading 0 native plugins for Editor in 0.00 ms.
Mono: successfully reloaded assembly
- Completed reload, in  4.414 seconds
Platform modules already initialized, skipping
Switching build target platform(5) subTarget(0) extendedPlatform(0) -> platform(13) subTarget(537395200) extendedPlatform(0)
Shader 'Universal Render Pipeline/Particles/Lit': fallback shader 'Universal Render Pipeline/Particles/SimpleLit' not found
Refreshing native plugins compatible for Editor in 1.94 ms, found 5 plugins.
Preloading 0 native plugins for Editor in 0.00 ms.
Unloading 2836 Unused Serialized files (Serialized files now loaded: 0)
System memory in use before: 126.3 MB.
System memory in use after: 126.5 MB.

Unloading 21 unused Assets to reduce memory usage. Loaded Objects now: 3416.
Total: 8.015322 ms (FindLiveObjects: 1.409616 ms CreateObjectMapping: 0.490391 ms MarkObjects: 6.041038 ms  DeleteObjects: 0.070583 ms)

AssetImportParameters requested are different than current active one (requested -> active):
  custom:graphics/normal-map-encoding: 01000000000000000000000000000000 -> 02000000000000000000000000000000
========================================================================
Received Prepare
Shader 'Universal Render Pipeline/Particles/Lit': fallback shader 'Universal Render Pipeline/Particles/SimpleLit' not found
Refreshing native plugins compatible for Editor in 16.40 ms, found 5 plugins.
Preloading 0 native plugins for Editor in 0.00 ms.
Unloading 19 Unused Serialized files (Serialized files now loaded: 0)
System memory in use before: 72.7 MB.
System memory in use after: 72.9 MB.

Unloading 19 unused Assets to reduce memory usage. Loaded Objects now: 3416.
Total: 6.501061 ms (FindLiveObjects: 0.756720 ms CreateObjectMapping: 0.375487 ms MarkObjects: 5.297039 ms  DeleteObjects: 0.068532 ms)

AssetImportWorkerClient::OnTransportError - code=2 error=End of file
