Using pre-set license
Built from '2020.3/staging' branch; Version is '2020.3.11f1 (99c7afb366b3) revision 10078127'; Using compiler version '192528614'; Build Type 'Release'
OS: 'Windows 10 Pro; OS build 19043.1348; Version 2009; 64bit' Language: 'ru' Physical Memory: 16365 MB
BatchMode: 1, IsHumanControllingUs: 0, StartBugReporterOnCrash: 0, Is64bit: 1, IsPro: 0

 COMMAND LINE ARGUMENTS:
D:\UnityShit\2020.3.11f1\Editor\Unity.exe
-adb2
-batchMode
-noUpm
-name
AssetImportWorker0
-projectPath
C:/Users/Ghost2911/Documents/GitHub/thelooping-unity
-logFile
Logs/AssetImportWorker0.log
-srvPort
12717
Successfully changed project path to: C:/Users/Ghost2911/Documents/GitHub/thelooping-unity
C:/Users/Ghost2911/Documents/GitHub/thelooping-unity
Using Asset Import Pipeline V2.
Refreshing native plugins compatible for Editor in 121.57 ms, found 2 plugins.
Preloading 0 native plugins for Editor in 0.00 ms.
Initialize engine version: 2020.3.11f1 (99c7afb366b3)
[Subsystems] Discovering subsystems at path D:/UnityShit/2020.3.11f1/Editor/Data/Resources/UnitySubsystems
[Subsystems] Discovering subsystems at path C:/Users/Ghost2911/Documents/GitHub/thelooping-unity/Assets
GfxDevice: creating device client; threaded=0
Direct3D:
    Version:  Direct3D 11.0 [level 11.1]
    Renderer: NVIDIA GeForce GTX 1050 Ti (ID=0x1c82)
    Vendor:   
    VRAM:     4018 MB
    Driver:   30.0.14.7111
Shader 'Universal Render Pipeline/Particles/Lit': fallback shader 'Universal Render Pipeline/Particles/SimpleLit' not found
Initialize mono
Mono path[0] = 'D:/UnityShit/2020.3.11f1/Editor/Data/Managed'
Mono path[1] = 'D:/UnityShit/2020.3.11f1/Editor/Data/MonoBleedingEdge/lib/mono/unityjit'
Mono config path = 'D:/UnityShit/2020.3.11f1/Editor/Data/MonoBleedingEdge/etc'
Using monoOptions --debugger-agent=transport=dt_socket,embedding=1,server=y,suspend=n,address=127.0.0.1:56236
Begin MonoManager ReloadAssembly
Registering precompiled unity dll's ...
Register platform support module: D:/UnityShit/2020.3.11f1/Editor/Data/PlaybackEngines/WindowsStandaloneSupport/UnityEditor.WindowsStandalone.Extensions.dll
Registered in 0.001913 seconds.
Native extension for WindowsStandalone target not found
Refreshing native plugins compatible for Editor in 107.87 ms, found 2 plugins.
Preloading 0 native plugins for Editor in 0.00 ms.
Mono: successfully reloaded assembly
- Completed reload, in  2.642 seconds
Platform modules already initialized, skipping
Registering precompiled user dll's ...
Registered in 0.013794 seconds.
Begin MonoManager ReloadAssembly
Symbol file LoadedFromMemory doesn't match image C:\Users\Ghost2911\Documents\GitHub\thelooping-unity\Assets\Photon\PhotonLibs\netstandard2.0\Photon3Unity3D.dll
Native extension for WindowsStandalone target not found
Refreshing native plugins compatible for Editor in 112.98 ms, found 2 plugins.
Preloading 0 native plugins for Editor in 0.00 ms.
Mono: successfully reloaded assembly
- Completed reload, in  2.084 seconds
Platform modules already initialized, skipping
========================================================================
Worker process is ready to serve import requests
Shader 'Universal Render Pipeline/Particles/Lit': fallback shader 'Universal Render Pipeline/Particles/SimpleLit' not found
Launched and connected shader compiler UnityShaderCompiler.exe after 0.12 seconds
Refreshing native plugins compatible for Editor in 1.09 ms, found 2 plugins.
Preloading 0 native plugins for Editor in 0.00 ms.
Unloading 2990 Unused Serialized files (Serialized files now loaded: 0)
System memory in use before: 157.6 MB.
System memory in use after: 157.8 MB.

Unloading 24 unused Assets to reduce memory usage. Loaded Objects now: 3462.
Total: 3.738500 ms (FindLiveObjects: 0.564100 ms CreateObjectMapping: 0.156300 ms MarkObjects: 2.965300 ms  DeleteObjects: 0.051500 ms)

========================================================================
Received Import Request.
  path: Assets/SPRITES/Tiles/17.png
  artifactKey: Guid(768603f2d3c94f54f85ae4cd8324dfd7) Importer(815301076,1909f56bfc062723c751e8b465ee728b)
Start importing Assets/SPRITES/Tiles/17.png using Guid(768603f2d3c94f54f85ae4cd8324dfd7) Importer(815301076,1909f56bfc062723c751e8b465ee728b)  -> (artifact id: '1b20b833e269a1f0605c7e497d6208ea') in 0.197959 seconds
  Import took 0.204274 seconds .

========================================================================
Received Import Request.
  Time since last request: 0.001187 seconds.
  path: Assets/SPRITES/Tiles/2.png
  artifactKey: Guid(701527a2be416d648bd7fbfd0fdd3034) Importer(815301076,1909f56bfc062723c751e8b465ee728b)
Start importing Assets/SPRITES/Tiles/2.png using Guid(701527a2be416d648bd7fbfd0fdd3034) Importer(815301076,1909f56bfc062723c751e8b465ee728b)  -> (artifact id: 'fe74e2e1f213841a636e4c608f5b6f4e') in 0.021850 seconds
  Import took 0.028088 seconds .

========================================================================
Received Import Request.
  Time since last request: 0.001114 seconds.
  path: Assets/SPRITES/Tiles/19.png
  artifactKey: Guid(84b078431ee219e45ad8b17195523589) Importer(815301076,1909f56bfc062723c751e8b465ee728b)
Start importing Assets/SPRITES/Tiles/19.png using Guid(84b078431ee219e45ad8b17195523589) Importer(815301076,1909f56bfc062723c751e8b465ee728b)  -> (artifact id: '7cb9a066ec3b5cfd006f7a356f3ebfb2') in 0.018837 seconds
  Import took 0.025208 seconds .

========================================================================
Received Import Request.
  Time since last request: 0.001056 seconds.
  path: Assets/SPRITES/Tiles/4.png
  artifactKey: Guid(32b15c7f9e217644699ddb67a3fd06cd) Importer(815301076,1909f56bfc062723c751e8b465ee728b)
Start importing Assets/SPRITES/Tiles/4.png using Guid(32b15c7f9e217644699ddb67a3fd06cd) Importer(815301076,1909f56bfc062723c751e8b465ee728b)  -> (artifact id: 'e5b8831f7434026b79d0d9a78d2a0838') in 0.025367 seconds
  Import took 0.031592 seconds .

========================================================================
Received Import Request.
  Time since last request: 0.000966 seconds.
  path: Assets/SPRITES/Tiles/21.png
  artifactKey: Guid(7e6688a57da27af4ab617dfab7ed30aa) Importer(815301076,1909f56bfc062723c751e8b465ee728b)
Start importing Assets/SPRITES/Tiles/21.png using Guid(7e6688a57da27af4ab617dfab7ed30aa) Importer(815301076,1909f56bfc062723c751e8b465ee728b)  -> (artifact id: '432023c8df1907cc04ebdb03884682ae') in 0.019323 seconds
  Import took 0.025623 seconds .

========================================================================
Received Import Request.
  Time since last request: 0.000932 seconds.
  path: Assets/SPRITES/Tiles/6-1.png
  artifactKey: Guid(0c545cc1ca46a9b4ba9597d7dadada86) Importer(815301076,1909f56bfc062723c751e8b465ee728b)
Start importing Assets/SPRITES/Tiles/6-1.png using Guid(0c545cc1ca46a9b4ba9597d7dadada86) Importer(815301076,1909f56bfc062723c751e8b465ee728b)  -> (artifact id: '2000ccd4a021cd0d5bcf7221db534d71') in 0.019020 seconds
  Import took 0.024894 seconds .

========================================================================
Received Import Request.
  Time since last request: 0.001041 seconds.
  path: Assets/SPRITES/Tiles/4-1.png
  artifactKey: Guid(8f95a128c5cf4974eb5658fe93fee11c) Importer(815301076,1909f56bfc062723c751e8b465ee728b)
Start importing Assets/SPRITES/Tiles/4-1.png using Guid(8f95a128c5cf4974eb5658fe93fee11c) Importer(815301076,1909f56bfc062723c751e8b465ee728b)  -> (artifact id: 'fceb9a53bc9b4467d118166e331b4b44') in 0.019495 seconds
  Import took 0.025524 seconds .

========================================================================
Received Import Request.
  Time since last request: 0.001061 seconds.
  path: Assets/SPRITES/Tiles/6.png
  artifactKey: Guid(510f98ba2eeeafb4183183a392f689f4) Importer(815301076,1909f56bfc062723c751e8b465ee728b)
Start importing Assets/SPRITES/Tiles/6.png using Guid(510f98ba2eeeafb4183183a392f689f4) Importer(815301076,1909f56bfc062723c751e8b465ee728b)  -> (artifact id: '04e2eb5e6a5773a4c1ee69bf2c479520') in 0.018626 seconds
  Import took 0.024508 seconds .

========================================================================
Received Import Request.
  Time since last request: 0.000937 seconds.
  path: Assets/SPRITES/Tiles/23.png
  artifactKey: Guid(518cfd668b4e291479dda961d39bc1a3) Importer(815301076,1909f56bfc062723c751e8b465ee728b)
Start importing Assets/SPRITES/Tiles/23.png using Guid(518cfd668b4e291479dda961d39bc1a3) Importer(815301076,1909f56bfc062723c751e8b465ee728b)  -> (artifact id: 'f54fb2964925e4fa9eee3bc991298375') in 0.018374 seconds
  Import took 0.024117 seconds .

========================================================================
Received Import Request.
  Time since last request: 0.000960 seconds.
  path: Assets/SPRITES/Tiles/8.png
  artifactKey: Guid(03e7e71c34cbf9c4183c6d2bc5564ebc) Importer(815301076,1909f56bfc062723c751e8b465ee728b)
Start importing Assets/SPRITES/Tiles/8.png using Guid(03e7e71c34cbf9c4183c6d2bc5564ebc) Importer(815301076,1909f56bfc062723c751e8b465ee728b)  -> (artifact id: '3af5181c756a87960e8eb50d2eba9650') in 0.019565 seconds
  Import took 0.026186 seconds .

========================================================================
Received Import Request.
  Time since last request: 0.000991 seconds.
  path: Assets/SPRITES/Tiles/2-1.png
  artifactKey: Guid(710f8144a74ce3e42a4af46676f78b1d) Importer(815301076,1909f56bfc062723c751e8b465ee728b)
Start importing Assets/SPRITES/Tiles/2-1.png using Guid(710f8144a74ce3e42a4af46676f78b1d) Importer(815301076,1909f56bfc062723c751e8b465ee728b)  -> (artifact id: 'f100dca4ce95031966be24fb658a9943') in 0.020954 seconds
  Import took 0.028405 seconds .

========================================================================
Received Import Request.
  Time since last request: 0.001043 seconds.
  path: Assets/SPRITES/Nature
  artifactKey: Guid(51f0beda37998454cabfdb46069e4b73) Importer(815301076,1909f56bfc062723c751e8b465ee728b)
Start importing Assets/SPRITES/Nature using Guid(51f0beda37998454cabfdb46069e4b73) Importer(815301076,1909f56bfc062723c751e8b465ee728b)  -> (artifact id: 'b2581900ded97140153c01af292ddd3a') in 0.009894 seconds
  Import took 0.015957 seconds .

========================================================================
Received Import Request.
  Time since last request: 0.001060 seconds.
  path: Assets/SPRITES/Tiles/8-1.png
  artifactKey: Guid(9770438f7b8b52a4181c859e8e5e19ac) Importer(815301076,1909f56bfc062723c751e8b465ee728b)
Start importing Assets/SPRITES/Tiles/8-1.png using Guid(9770438f7b8b52a4181c859e8e5e19ac) Importer(815301076,1909f56bfc062723c751e8b465ee728b)  -> (artifact id: '6b24f76eb7eb1e2c3db2b2fa757b29a3') in 0.021333 seconds
  Import took 0.028313 seconds .

========================================================================
Received Import Request.
  Time since last request: 2.065699 seconds.
  path: Assets/SPRITES/Tiles/8-1.png
  artifactKey: Guid(9770438f7b8b52a4181c859e8e5e19ac) Importer(815301076,1909f56bfc062723c751e8b465ee728b)
Start importing Assets/SPRITES/Tiles/8-1.png using Guid(9770438f7b8b52a4181c859e8e5e19ac) Importer(815301076,1909f56bfc062723c751e8b465ee728b)  -> (artifact id: '6b24f76eb7eb1e2c3db2b2fa757b29a3') in 0.018317 seconds
  Import took 0.026040 seconds .

========================================================================
Received Import Request.
  Time since last request: 8.205713 seconds.
  path: Assets/SPRITES/Tiles/2-1.png
  artifactKey: Guid(710f8144a74ce3e42a4af46676f78b1d) Importer(815301076,1909f56bfc062723c751e8b465ee728b)
Start importing Assets/SPRITES/Tiles/2-1.png using Guid(710f8144a74ce3e42a4af46676f78b1d) Importer(815301076,1909f56bfc062723c751e8b465ee728b)  -> (artifact id: 'fa6aa6f332891550056dcbf24bcdca60') in 0.151316 seconds
  Import took 0.158114 seconds .

========================================================================
Received Import Request.
  Time since last request: 0.001027 seconds.
  path: Assets/SPRITES/Tiles/17.png
  artifactKey: Guid(768603f2d3c94f54f85ae4cd8324dfd7) Importer(815301076,1909f56bfc062723c751e8b465ee728b)
Start importing Assets/SPRITES/Tiles/17.png using Guid(768603f2d3c94f54f85ae4cd8324dfd7) Importer(815301076,1909f56bfc062723c751e8b465ee728b)  -> (artifact id: 'c5de431d3648c6371263e004da16f3b0') in 0.020945 seconds
  Import took 0.027229 seconds .

========================================================================
Received Import Request.
  Time since last request: 0.001070 seconds.
  path: Assets/SPRITES/Tiles/2.png
  artifactKey: Guid(701527a2be416d648bd7fbfd0fdd3034) Importer(815301076,1909f56bfc062723c751e8b465ee728b)
Start importing Assets/SPRITES/Tiles/2.png using Guid(701527a2be416d648bd7fbfd0fdd3034) Importer(815301076,1909f56bfc062723c751e8b465ee728b)  -> (artifact id: '08e501c716cc2ace582db1af5af7accf') in 0.023820 seconds
  Import took 0.029880 seconds .

========================================================================
Received Import Request.
  Time since last request: 0.001035 seconds.
  path: Assets/SPRITES/Tiles/19.png
  artifactKey: Guid(84b078431ee219e45ad8b17195523589) Importer(815301076,1909f56bfc062723c751e8b465ee728b)
Start importing Assets/SPRITES/Tiles/19.png using Guid(84b078431ee219e45ad8b17195523589) Importer(815301076,1909f56bfc062723c751e8b465ee728b)  -> (artifact id: '0c406258c5e0fee4067afd4e4320f522') in 0.020890 seconds
  Import took 0.026811 seconds .

========================================================================
Received Import Request.
  Time since last request: 0.001054 seconds.
  path: Assets/SPRITES/Tiles/4.png
  artifactKey: Guid(32b15c7f9e217644699ddb67a3fd06cd) Importer(815301076,1909f56bfc062723c751e8b465ee728b)
Start importing Assets/SPRITES/Tiles/4.png using Guid(32b15c7f9e217644699ddb67a3fd06cd) Importer(815301076,1909f56bfc062723c751e8b465ee728b)  -> (artifact id: '0fd07b5d8ccadc0b6444882083c604ea') in 0.020148 seconds
  Import took 0.026399 seconds .

========================================================================
Received Import Request.
  Time since last request: 0.001129 seconds.
  path: Assets/SPRITES/Tiles/21.png
  artifactKey: Guid(7e6688a57da27af4ab617dfab7ed30aa) Importer(815301076,1909f56bfc062723c751e8b465ee728b)
Start importing Assets/SPRITES/Tiles/21.png using Guid(7e6688a57da27af4ab617dfab7ed30aa) Importer(815301076,1909f56bfc062723c751e8b465ee728b)  -> (artifact id: 'c4cd51b1f356228e67200a15ebad2315') in 0.020239 seconds
  Import took 0.027070 seconds .

========================================================================
Received Import Request.
  Time since last request: 0.000957 seconds.
  path: Assets/SPRITES/Tiles/6-1.png
  artifactKey: Guid(0c545cc1ca46a9b4ba9597d7dadada86) Importer(815301076,1909f56bfc062723c751e8b465ee728b)
Start importing Assets/SPRITES/Tiles/6-1.png using Guid(0c545cc1ca46a9b4ba9597d7dadada86) Importer(815301076,1909f56bfc062723c751e8b465ee728b)  -> (artifact id: '7affa8e0769886141041bbe870d4a241') in 0.040583 seconds
  Import took 0.049772 seconds .

========================================================================
Received Import Request.
  Time since last request: 0.001914 seconds.
  path: Assets/SPRITES/Tiles/4-1.png
  artifactKey: Guid(8f95a128c5cf4974eb5658fe93fee11c) Importer(815301076,1909f56bfc062723c751e8b465ee728b)
Start importing Assets/SPRITES/Tiles/4-1.png using Guid(8f95a128c5cf4974eb5658fe93fee11c) Importer(815301076,1909f56bfc062723c751e8b465ee728b)  -> (artifact id: '019bf20b2f33d9dbd696f2216635b393') in 0.022445 seconds
  Import took 0.029203 seconds .

========================================================================
Received Import Request.
  Time since last request: 0.001082 seconds.
  path: Assets/SPRITES/Tiles/6.png
  artifactKey: Guid(510f98ba2eeeafb4183183a392f689f4) Importer(815301076,1909f56bfc062723c751e8b465ee728b)
Start importing Assets/SPRITES/Tiles/6.png using Guid(510f98ba2eeeafb4183183a392f689f4) Importer(815301076,1909f56bfc062723c751e8b465ee728b)  -> (artifact id: '8c8be82c57a71a568a88232255defd31') in 0.020053 seconds
  Import took 0.026724 seconds .

========================================================================
Received Import Request.
  Time since last request: 0.001316 seconds.
  path: Assets/SPRITES/Tiles/23.png
  artifactKey: Guid(518cfd668b4e291479dda961d39bc1a3) Importer(815301076,1909f56bfc062723c751e8b465ee728b)
Start importing Assets/SPRITES/Tiles/23.png using Guid(518cfd668b4e291479dda961d39bc1a3) Importer(815301076,1909f56bfc062723c751e8b465ee728b)  -> (artifact id: '0fd39ca5738d70e66290f82d162528c2') in 0.023466 seconds
  Import took 0.030662 seconds .

========================================================================
Received Import Request.
  Time since last request: 0.001106 seconds.
  path: Assets/SPRITES/Tiles/8.png
  artifactKey: Guid(03e7e71c34cbf9c4183c6d2bc5564ebc) Importer(815301076,1909f56bfc062723c751e8b465ee728b)
Start importing Assets/SPRITES/Tiles/8.png using Guid(03e7e71c34cbf9c4183c6d2bc5564ebc) Importer(815301076,1909f56bfc062723c751e8b465ee728b)  -> (artifact id: '9a8cc68843a01e47dac8d1d73f6421c1') in 0.020346 seconds
  Import took 0.030789 seconds .

========================================================================
Received Import Request.
  Time since last request: 0.001123 seconds.
  path: Assets/SPRITES/Tiles/8-1.png
  artifactKey: Guid(9770438f7b8b52a4181c859e8e5e19ac) Importer(815301076,1909f56bfc062723c751e8b465ee728b)
Start importing Assets/SPRITES/Tiles/8-1.png using Guid(9770438f7b8b52a4181c859e8e5e19ac) Importer(815301076,1909f56bfc062723c751e8b465ee728b)  -> (artifact id: '866eae895b830c401d3ff3f93b0bd55d') in 0.020743 seconds
  Import took 0.027500 seconds .

========================================================================
Received Import Request.
  Time since last request: 24.217973 seconds.
  path: Assets/Resources/Tiles/2/2.prefab
  artifactKey: Guid(76a350d73c1980846b29ddcf5f9a25ca) Importer(815301076,1909f56bfc062723c751e8b465ee728b)
Start importing Assets/Resources/Tiles/2/2.prefab using Guid(76a350d73c1980846b29ddcf5f9a25ca) Importer(815301076,1909f56bfc062723c751e8b465ee728b)  -> (artifact id: '3977151f8ee7aff564ac8a1126c6d9d6') in 0.055769 seconds
  Import took 0.062919 seconds .

========================================================================
Received Import Request.
  Time since last request: 0.315576 seconds.
  path: Assets/Resources/Tiles/2/2.prefab
  artifactKey: Guid(76a350d73c1980846b29ddcf5f9a25ca) Importer(815301076,1909f56bfc062723c751e8b465ee728b)
Start importing Assets/Resources/Tiles/2/2.prefab using Guid(76a350d73c1980846b29ddcf5f9a25ca) Importer(815301076,1909f56bfc062723c751e8b465ee728b)  -> (artifact id: '2a171eab111f25b2116c64f144d58b15') in 0.036474 seconds
  Import took 0.044618 seconds .

========================================================================
Received Import Request.
  Time since last request: 38.699246 seconds.
  path: Assets/Resources/Tiles/3/3.prefab
  artifactKey: Guid(45f5b61e52b96dd4d9a8573bbd08be98) Importer(815301076,1909f56bfc062723c751e8b465ee728b)
Start importing Assets/Resources/Tiles/3/3.prefab using Guid(45f5b61e52b96dd4d9a8573bbd08be98) Importer(815301076,1909f56bfc062723c751e8b465ee728b)  -> (artifact id: '1d17dcf2f2ed8261152ef34b7c3ba154') in 0.047962 seconds
  Import took 0.055054 seconds .

========================================================================
Received Import Request.
  Time since last request: 0.361849 seconds.
  path: Assets/Resources/Tiles/3/3.prefab
  artifactKey: Guid(45f5b61e52b96dd4d9a8573bbd08be98) Importer(815301076,1909f56bfc062723c751e8b465ee728b)
Start importing Assets/Resources/Tiles/3/3.prefab using Guid(45f5b61e52b96dd4d9a8573bbd08be98) Importer(815301076,1909f56bfc062723c751e8b465ee728b)  -> (artifact id: '32c08719ed7d2db35d0838ced33c0fda') in 0.023214 seconds
  Import took 0.031393 seconds .

========================================================================
Received Import Request.
  Time since last request: 0.420814 seconds.
  path: Assets/Resources/Tiles/3/3.prefab
  artifactKey: Guid(45f5b61e52b96dd4d9a8573bbd08be98) Importer(815301076,1909f56bfc062723c751e8b465ee728b)
Start importing Assets/Resources/Tiles/3/3.prefab using Guid(45f5b61e52b96dd4d9a8573bbd08be98) Importer(815301076,1909f56bfc062723c751e8b465ee728b)  -> (artifact id: '40737e2085214858ec38ace743c685cc') in 0.028242 seconds
  Import took 0.038135 seconds .

========================================================================
Received Import Request.
  Time since last request: 11.341897 seconds.
  path: Assets/Resources/Tiles/4/4.prefab
  artifactKey: Guid(0935a7d78c42b1e41898e26a5c1c76fa) Importer(815301076,1909f56bfc062723c751e8b465ee728b)
Start importing Assets/Resources/Tiles/4/4.prefab using Guid(0935a7d78c42b1e41898e26a5c1c76fa) Importer(815301076,1909f56bfc062723c751e8b465ee728b)  -> (artifact id: '61a4b1dfa9fe68cfcb48225d5e1ea1fb') in 0.023590 seconds
  Import took 0.032444 seconds .

========================================================================
Received Import Request.
  Time since last request: 26.422918 seconds.
  path: Assets/Resources/Tiles/4/4.prefab
  artifactKey: Guid(0935a7d78c42b1e41898e26a5c1c76fa) Importer(815301076,1909f56bfc062723c751e8b465ee728b)
Start importing Assets/Resources/Tiles/4/4.prefab using Guid(0935a7d78c42b1e41898e26a5c1c76fa) Importer(815301076,1909f56bfc062723c751e8b465ee728b)  -> (artifact id: '22fe4cc5433170ec1fd83bdc68dd5949') in 0.022650 seconds
  Import took 0.030229 seconds .

========================================================================
Received Import Request.
  Time since last request: 0.597395 seconds.
  path: Assets/Resources/Tiles/4/4.prefab
  artifactKey: Guid(0935a7d78c42b1e41898e26a5c1c76fa) Importer(815301076,1909f56bfc062723c751e8b465ee728b)
Start importing Assets/Resources/Tiles/4/4.prefab using Guid(0935a7d78c42b1e41898e26a5c1c76fa) Importer(815301076,1909f56bfc062723c751e8b465ee728b)  -> (artifact id: '083017c2d243bd21c23473105a195dd9') in 0.022709 seconds
  Import took 0.030533 seconds .

========================================================================
Received Import Request.
  Time since last request: 0.684764 seconds.
  path: Assets/Resources/Tiles/4/4.prefab
  artifactKey: Guid(0935a7d78c42b1e41898e26a5c1c76fa) Importer(815301076,1909f56bfc062723c751e8b465ee728b)
Start importing Assets/Resources/Tiles/4/4.prefab using Guid(0935a7d78c42b1e41898e26a5c1c76fa) Importer(815301076,1909f56bfc062723c751e8b465ee728b)  -> (artifact id: '4d2c8bdcf1545ec8cbf8e6003e1ed791') in 0.022410 seconds
  Import took 0.030191 seconds .

========================================================================
Received Import Request.
  Time since last request: 18.225376 seconds.
  path: Assets/Resources/Tiles/8/8.prefab
  artifactKey: Guid(a17956cc127033149acf6e1339b9d974) Importer(815301076,1909f56bfc062723c751e8b465ee728b)
Start importing Assets/Resources/Tiles/8/8.prefab using Guid(a17956cc127033149acf6e1339b9d974) Importer(815301076,1909f56bfc062723c751e8b465ee728b)  -> (artifact id: '362b6896383688aef77e6bd7bc6fa850') in 0.020364 seconds
  Import took 0.026930 seconds .

========================================================================
Received Import Request.
  Time since last request: 0.615559 seconds.
  path: Assets/Resources/Tiles/8/8.prefab
  artifactKey: Guid(a17956cc127033149acf6e1339b9d974) Importer(815301076,1909f56bfc062723c751e8b465ee728b)
Start importing Assets/Resources/Tiles/8/8.prefab using Guid(a17956cc127033149acf6e1339b9d974) Importer(815301076,1909f56bfc062723c751e8b465ee728b)  -> (artifact id: '94f92aad33900d68d12fdcd781d5c2c8') in 0.021672 seconds
  Import took 0.029131 seconds .

========================================================================
Received Import Request.
  Time since last request: 8.853034 seconds.
  path: Assets/Resources/Tiles/6/6.prefab
  artifactKey: Guid(da3241465d68bc846aa3e64f6ea6f01d) Importer(815301076,1909f56bfc062723c751e8b465ee728b)
Start importing Assets/Resources/Tiles/6/6.prefab using Guid(da3241465d68bc846aa3e64f6ea6f01d) Importer(815301076,1909f56bfc062723c751e8b465ee728b)  -> (artifact id: 'abd473a8909bab95cf3668f79089d743') in 0.127129 seconds
  Import took 0.135030 seconds .

========================================================================
Received Import Request.
  Time since last request: 12.650737 seconds.
  path: Assets/Resources/Tiles/17/17.prefab
  artifactKey: Guid(d4a07588bba148d4f8d084a5fb360de1) Importer(815301076,1909f56bfc062723c751e8b465ee728b)
Start importing Assets/Resources/Tiles/17/17.prefab using Guid(d4a07588bba148d4f8d084a5fb360de1) Importer(815301076,1909f56bfc062723c751e8b465ee728b)  -> (artifact id: '5d1b191b22d72618ef402b64447ff1d7') in 0.024018 seconds
  Import took 0.032098 seconds .

========================================================================
Received Import Request.
  Time since last request: 6.798218 seconds.
  path: Assets/Resources/Tiles/17/17.prefab
  artifactKey: Guid(d4a07588bba148d4f8d084a5fb360de1) Importer(815301076,1909f56bfc062723c751e8b465ee728b)
Start importing Assets/Resources/Tiles/17/17.prefab using Guid(d4a07588bba148d4f8d084a5fb360de1) Importer(815301076,1909f56bfc062723c751e8b465ee728b)  -> (artifact id: 'a7ee0ed33a2fb0b92e6175022bee5c92') in 0.026495 seconds
  Import took 0.034875 seconds .

========================================================================
Received Import Request.
  Time since last request: 7.042357 seconds.
  path: Assets/Resources/Tiles/17/17.prefab
  artifactKey: Guid(d4a07588bba148d4f8d084a5fb360de1) Importer(815301076,1909f56bfc062723c751e8b465ee728b)
Start importing Assets/Resources/Tiles/17/17.prefab using Guid(d4a07588bba148d4f8d084a5fb360de1) Importer(815301076,1909f56bfc062723c751e8b465ee728b)  -> (artifact id: '6051aa1bb3d7634f2b505aaef1121e6a') in 0.022810 seconds
  Import took 0.031068 seconds .

========================================================================
Received Import Request.
  Time since last request: 6.176245 seconds.
  path: Assets/Resources/Tiles/17/17.prefab
  artifactKey: Guid(d4a07588bba148d4f8d084a5fb360de1) Importer(815301076,1909f56bfc062723c751e8b465ee728b)
Start importing Assets/Resources/Tiles/17/17.prefab using Guid(d4a07588bba148d4f8d084a5fb360de1) Importer(815301076,1909f56bfc062723c751e8b465ee728b)  -> (artifact id: '0dc0f8b4a46d6af8180e97fb74b685fc') in 0.023401 seconds
  Import took 0.031323 seconds .

========================================================================
Received Import Request.
  Time since last request: 0.008721 seconds.
  path: Assets/Resources/Tiles/17/17.prefab
  artifactKey: Guid(d4a07588bba148d4f8d084a5fb360de1) Importer(815301076,1909f56bfc062723c751e8b465ee728b)
Start importing Assets/Resources/Tiles/17/17.prefab using Guid(d4a07588bba148d4f8d084a5fb360de1) Importer(815301076,1909f56bfc062723c751e8b465ee728b)  -> (artifact id: '0dc0f8b4a46d6af8180e97fb74b685fc') in 0.018704 seconds
  Import took 0.025381 seconds .

========================================================================
Received Import Request.
  Time since last request: 4.165185 seconds.
  path: Assets/Resources/Tiles/23/23.prefab
  artifactKey: Guid(db043cec287ad2e499eb7044cc52ae6e) Importer(815301076,1909f56bfc062723c751e8b465ee728b)
Start importing Assets/Resources/Tiles/23/23.prefab using Guid(db043cec287ad2e499eb7044cc52ae6e) Importer(815301076,1909f56bfc062723c751e8b465ee728b)  -> (artifact id: '290fa1061150b3de8318e785a6649f08') in 0.027808 seconds
  Import took 0.034768 seconds .

========================================================================
Received Import Request.
  Time since last request: 34.527827 seconds.
  path: Assets/Resources/Tiles/2/2.prefab
  artifactKey: Guid(76a350d73c1980846b29ddcf5f9a25ca) Importer(815301076,1909f56bfc062723c751e8b465ee728b)
Start importing Assets/Resources/Tiles/2/2.prefab using Guid(76a350d73c1980846b29ddcf5f9a25ca) Importer(815301076,1909f56bfc062723c751e8b465ee728b)  -> (artifact id: '0eeb3361db064249be8fa303a7db5780') in 0.023189 seconds
  Import took 0.030029 seconds .

========================================================================
Received Import Request.
  Time since last request: 5.800004 seconds.
  path: Assets/Resources/Tiles/4/4.prefab
  artifactKey: Guid(0935a7d78c42b1e41898e26a5c1c76fa) Importer(815301076,1909f56bfc062723c751e8b465ee728b)
Start importing Assets/Resources/Tiles/4/4.prefab using Guid(0935a7d78c42b1e41898e26a5c1c76fa) Importer(815301076,1909f56bfc062723c751e8b465ee728b)  -> (artifact id: 'fdd1ce9bf3c0c3d0a0ea82b32f52e621') in 0.020108 seconds
  Import took 0.026702 seconds .

========================================================================
Received Import Request.
  Time since last request: 10.551061 seconds.
  path: Assets/Resources/Tiles/8/8.prefab
  artifactKey: Guid(a17956cc127033149acf6e1339b9d974) Importer(815301076,1909f56bfc062723c751e8b465ee728b)
Start importing Assets/Resources/Tiles/8/8.prefab using Guid(a17956cc127033149acf6e1339b9d974) Importer(815301076,1909f56bfc062723c751e8b465ee728b)  -> (artifact id: 'b81d30d61cb840db4acf977bdc70fbdc') in 0.022780 seconds
  Import took 0.029478 seconds .

========================================================================
Received Import Request.
  Time since last request: 9.268620 seconds.
  path: Assets/Resources/Tiles/19/19.prefab
  artifactKey: Guid(d678bf09a248f524586fe208c0adb932) Importer(815301076,1909f56bfc062723c751e8b465ee728b)
Start importing Assets/Resources/Tiles/19/19.prefab using Guid(d678bf09a248f524586fe208c0adb932) Importer(815301076,1909f56bfc062723c751e8b465ee728b)  -> (artifact id: 'b41c56056b3dcd36f28df4f3569d9b9e') in 0.027443 seconds
  Import took 0.035156 seconds .

========================================================================
Received Import Request.
  Time since last request: 26.603817 seconds.
  path: Assets/Resources/Tiles/21/21.prefab
  artifactKey: Guid(08f86b3facea0a548824ff6051ac65f3) Importer(815301076,1909f56bfc062723c751e8b465ee728b)
Start importing Assets/Resources/Tiles/21/21.prefab using Guid(08f86b3facea0a548824ff6051ac65f3) Importer(815301076,1909f56bfc062723c751e8b465ee728b)  -> (artifact id: '7789c1b0912b60b2c011525e726c2eaf') in 0.022828 seconds
  Import took 0.030414 seconds .

========================================================================
Received Import Request.
  Time since last request: 4.277748 seconds.
  path: Assets/Resources/Tiles/21/21.prefab
  artifactKey: Guid(08f86b3facea0a548824ff6051ac65f3) Importer(815301076,1909f56bfc062723c751e8b465ee728b)
Start importing Assets/Resources/Tiles/21/21.prefab using Guid(08f86b3facea0a548824ff6051ac65f3) Importer(815301076,1909f56bfc062723c751e8b465ee728b)  -> (artifact id: '18262b3cf50c8a6f23593c9b56ca493e') in 0.029841 seconds
  Import took 0.036618 seconds .

========================================================================
Received Import Request.
  Time since last request: 6.325736 seconds.
  path: Assets/Resources/Tiles/21/21.prefab
  artifactKey: Guid(08f86b3facea0a548824ff6051ac65f3) Importer(815301076,1909f56bfc062723c751e8b465ee728b)
Start importing Assets/Resources/Tiles/21/21.prefab using Guid(08f86b3facea0a548824ff6051ac65f3) Importer(815301076,1909f56bfc062723c751e8b465ee728b)  -> (artifact id: 'e658fa52c9345652b02f369a9fba8fa2') in 0.020028 seconds
  Import took 0.027088 seconds .

========================================================================
Received Import Request.
  Time since last request: 21.230323 seconds.
  path: Assets/Resources/Tiles/23/23.prefab
  artifactKey: Guid(db043cec287ad2e499eb7044cc52ae6e) Importer(815301076,1909f56bfc062723c751e8b465ee728b)
Start importing Assets/Resources/Tiles/23/23.prefab using Guid(db043cec287ad2e499eb7044cc52ae6e) Importer(815301076,1909f56bfc062723c751e8b465ee728b)  -> (artifact id: '96d7153e298caefec1c151803bb04830') in 0.021961 seconds
  Import took 0.029975 seconds .

========================================================================
Received Import Request.
  Time since last request: 0.021624 seconds.
  path: Assets/Resources/Tiles/23/23.prefab
  artifactKey: Guid(db043cec287ad2e499eb7044cc52ae6e) Importer(815301076,1909f56bfc062723c751e8b465ee728b)
Start importing Assets/Resources/Tiles/23/23.prefab using Guid(db043cec287ad2e499eb7044cc52ae6e) Importer(815301076,1909f56bfc062723c751e8b465ee728b)  -> (artifact id: '96d7153e298caefec1c151803bb04830') in 0.016923 seconds
  Import took 0.023997 seconds .

========================================================================
Received Import Request.
  Time since last request: 64.329826 seconds.
  path: Assets/Resources/Tiles/6/6.prefab
  artifactKey: Guid(da3241465d68bc846aa3e64f6ea6f01d) Importer(815301076,1909f56bfc062723c751e8b465ee728b)
Start importing Assets/Resources/Tiles/6/6.prefab using Guid(da3241465d68bc846aa3e64f6ea6f01d) Importer(815301076,1909f56bfc062723c751e8b465ee728b)  -> (artifact id: 'f45a27f558938c04fde70ad33c8521db') in 0.055359 seconds
  Import took 0.063230 seconds .

========================================================================
Received Prepare
Registering precompiled user dll's ...
Registered in 0.014142 seconds.
Begin MonoManager ReloadAssembly
Symbol file LoadedFromMemory doesn't match image C:\Users\Ghost2911\Documents\GitHub\thelooping-unity\Assets\Photon\PhotonLibs\netstandard2.0\Photon3Unity3D.dll
Native extension for WindowsStandalone target not found
Refreshing native plugins compatible for Editor in 1.13 ms, found 2 plugins.
Preloading 0 native plugins for Editor in 0.00 ms.
Mono: successfully reloaded assembly
- Completed reload, in  1.800 seconds
Platform modules already initialized, skipping
Switching build target platform(19) subTarget(0) extendedPlatform(0) -> platform(13) subTarget(537395204) extendedPlatform(0)
Shader 'Universal Render Pipeline/Particles/Lit': fallback shader 'Universal Render Pipeline/Particles/SimpleLit' not found
Refreshing native plugins compatible for Editor in 1.08 ms, found 2 plugins.
Preloading 0 native plugins for Editor in 0.00 ms.
Unloading 2908 Unused Serialized files (Serialized files now loaded: 0)
System memory in use before: 152.0 MB.
System memory in use after: 152.2 MB.

Unloading 19 unused Assets to reduce memory usage. Loaded Objects now: 3475.
Total: 3.536100 ms (FindLiveObjects: 0.550200 ms CreateObjectMapping: 0.215500 ms MarkObjects: 2.732300 ms  DeleteObjects: 0.036500 ms)

AssetImportParameters requested are different than current active one (requested -> active):
  custom:graphics/normal-map-encoding: 01000000000000000000000000000000 -> 02000000000000000000000000000000
========================================================================
Received Import Request.
  Time since last request: 264.311008 seconds.
  path: Assets/Resources/Tiles/4/4.prefab
  artifactKey: Guid(0935a7d78c42b1e41898e26a5c1c76fa) Importer(815301076,1909f56bfc062723c751e8b465ee728b)
Start importing Assets/Resources/Tiles/4/4.prefab using Guid(0935a7d78c42b1e41898e26a5c1c76fa) Importer(815301076,1909f56bfc062723c751e8b465ee728b)  -> (artifact id: '4b88f1c80d223bfb8602e136122c6dde') in 0.092271 seconds
  Import took 0.099003 seconds .

========================================================================
Received Prepare
Registering precompiled user dll's ...
Registered in 0.015025 seconds.
Begin MonoManager ReloadAssembly
Symbol file LoadedFromMemory doesn't match image C:\Users\Ghost2911\Documents\GitHub\thelooping-unity\Assets\Photon\PhotonLibs\netstandard2.0\Photon3Unity3D.dll
Native extension for WindowsStandalone target not found
Refreshing native plugins compatible for Editor in 1.39 ms, found 2 plugins.
Preloading 0 native plugins for Editor in 0.00 ms.
Mono: successfully reloaded assembly
- Completed reload, in  2.053 seconds
Platform modules already initialized, skipping
Switching build target platform(19) subTarget(0) extendedPlatform(0) -> platform(13) subTarget(537395204) extendedPlatform(0)
Shader 'Universal Render Pipeline/Particles/Lit': fallback shader 'Universal Render Pipeline/Particles/SimpleLit' not found
Refreshing native plugins compatible for Editor in 1.55 ms, found 2 plugins.
Preloading 0 native plugins for Editor in 0.00 ms.
Unloading 2908 Unused Serialized files (Serialized files now loaded: 0)
System memory in use before: 152.0 MB.
System memory in use after: 152.3 MB.

Unloading 19 unused Assets to reduce memory usage. Loaded Objects now: 3480.
Total: 4.867000 ms (FindLiveObjects: 0.749700 ms CreateObjectMapping: 0.224800 ms MarkObjects: 3.859800 ms  DeleteObjects: 0.031200 ms)

AssetImportParameters requested are different than current active one (requested -> active):
  custom:graphics/normal-map-encoding: 01000000000000000000000000000000 -> 02000000000000000000000000000000
AssetImportWorkerClient::OnTransportError - code=2 error=End of file
