Using pre-set license
Built from '2020.3/staging' branch; Version is '2020.3.8f1 (507919d4fff5) revision 5273881'; Using compiler version '192528614'; Build Type 'Release'
OS: 'Windows 10 Home Single Language; OS build 16299.1087; Version 1709; 64bit' Language: 'ru' Physical Memory: 7645 MB
BatchMode: 1, IsHumanControllingUs: 0, StartBugReporterOnCrash: 0, Is64bit: 1, IsPro: 0

 COMMAND LINE ARGUMENTS:
C:\Program Files\Unity\Hub\Editor\2020.3.8f1\Editor\Unity.exe
-adb2
-batchMode
-noUpm
-name
AssetImportWorker4
-projectPath
C:/Users/NONAME/Documents/GitHub/thelooping-unity
-logFile
Logs/AssetImportWorker4.log
-srvPort
60173
Successfully changed project path to: C:/Users/NONAME/Documents/GitHub/thelooping-unity
C:/Users/NONAME/Documents/GitHub/thelooping-unity
Using Asset Import Pipeline V2.
Refreshing native plugins compatible for Editor in 265.18 ms, found 5 plugins.
Preloading 0 native plugins for Editor in 0.00 ms.
Initialize engine version: 2020.3.8f1 (507919d4fff5)
[Subsystems] Discovering subsystems at path C:/Program Files/Unity/Hub/Editor/2020.3.8f1/Editor/Data/Resources/UnitySubsystems
[Subsystems] Discovering subsystems at path C:/Users/NONAME/Documents/GitHub/thelooping-unity/Assets
GfxDevice: creating device client; threaded=0
Direct3D:
    Version:  Direct3D 11.0 [level 11.1]
    Renderer: AMD Radeon(TM) R4 Graphics (ID=0x98e4)
    Vendor:   
    VRAM:     500 MB
    Driver:   22.19.180.513
Shader 'Universal Render Pipeline/Particles/Lit': fallback shader 'Universal Render Pipeline/Particles/SimpleLit' not found
Initialize mono
Mono path[0] = 'C:/Program Files/Unity/Hub/Editor/2020.3.8f1/Editor/Data/Managed'
Mono path[1] = 'C:/Program Files/Unity/Hub/Editor/2020.3.8f1/Editor/Data/MonoBleedingEdge/lib/mono/unityjit'
Mono config path = 'C:/Program Files/Unity/Hub/Editor/2020.3.8f1/Editor/Data/MonoBleedingEdge/etc'
Using monoOptions --debugger-agent=transport=dt_socket,embedding=1,server=y,suspend=n,address=127.0.0.1:56896
Begin MonoManager ReloadAssembly
Registering precompiled unity dll's ...
Register platform support module: C:/Program Files/Unity/Hub/Editor/2020.3.8f1/Editor/Data/PlaybackEngines/WindowsStandaloneSupport/UnityEditor.WindowsStandalone.Extensions.dll
Registered in 0.004285 seconds.
Native extension for WindowsStandalone target not found
Refreshing native plugins compatible for Editor in 177.21 ms, found 5 plugins.
Preloading 0 native plugins for Editor in 0.00 ms.
Mono: successfully reloaded assembly
- Completed reload, in  9.955 seconds
Platform modules already initialized, skipping
Registering precompiled user dll's ...
Registered in 0.021388 seconds.
Begin MonoManager ReloadAssembly
Native extension for WindowsStandalone target not found
Refreshing native plugins compatible for Editor in 363.24 ms, found 5 plugins.
Preloading 0 native plugins for Editor in 0.00 ms.
Mono: successfully reloaded assembly
- Completed reload, in  7.401 seconds
Platform modules already initialized, skipping
========================================================================
Worker process is ready to serve import requests
Shader 'Universal Render Pipeline/Particles/Lit': fallback shader 'Universal Render Pipeline/Particles/SimpleLit' not found
Launched and connected shader compiler UnityShaderCompiler.exe after 0.34 seconds
Refreshing native plugins compatible for Editor in 2.10 ms, found 5 plugins.
Preloading 0 native plugins for Editor in 0.00 ms.
Unloading 2921 Unused Serialized files (Serialized files now loaded: 0)
System memory in use before: 132.7 MB.
System memory in use after: 132.9 MB.

Unloading 26 unused Assets to reduce memory usage. Loaded Objects now: 3352.
Total: 7.977157 ms (FindLiveObjects: 0.862185 ms CreateObjectMapping: 0.704193 ms MarkObjects: 6.184256 ms  DeleteObjects: 0.221599 ms)

========================================================================
Received Import Request.
  path: Assets/Scripts/PlayerInput.cs
  artifactKey: Guid(cc148c973681f7340901116f464b7bd5) Importer(815301076,1909f56bfc062723c751e8b465ee728b)
Start importing Assets/Scripts/PlayerInput.cs using Guid(cc148c973681f7340901116f464b7bd5) Importer(815301076,1909f56bfc062723c751e8b465ee728b)  -> (artifact id: '8e921b7a2c70f7634d2b9e165d445f5e') in 0.074702 seconds
  Import took 0.087679 seconds .

========================================================================
Received Import Request.
  Time since last request: 9.286693 seconds.
  path: Assets/Scripts/PlayerInput.cs
  artifactKey: Guid(cc148c973681f7340901116f464b7bd5) Importer(815301076,1909f56bfc062723c751e8b465ee728b)
Start importing Assets/Scripts/PlayerInput.cs using Guid(cc148c973681f7340901116f464b7bd5) Importer(815301076,1909f56bfc062723c751e8b465ee728b)  -> (artifact id: '5bc69b34e70ff72f158cef9f873afe4f') in 0.037967 seconds
  Import took 0.089551 seconds .

========================================================================
Received Prepare
Registering precompiled user dll's ...
Registered in 0.015745 seconds.
Begin MonoManager ReloadAssembly
Native extension for WindowsStandalone target not found
Refreshing native plugins compatible for Editor in 1.67 ms, found 5 plugins.
Preloading 0 native plugins for Editor in 0.00 ms.
Mono: successfully reloaded assembly
- Completed reload, in  2.719 seconds
Platform modules already initialized, skipping
Switching build target platform(5) subTarget(0) extendedPlatform(0) -> platform(13) subTarget(537395200) extendedPlatform(0)
Shader 'Universal Render Pipeline/Particles/Lit': fallback shader 'Universal Render Pipeline/Particles/SimpleLit' not found
Refreshing native plugins compatible for Editor in 1.62 ms, found 5 plugins.
Preloading 0 native plugins for Editor in 0.00 ms.
Unloading 2836 Unused Serialized files (Serialized files now loaded: 0)
System memory in use before: 122.7 MB.
System memory in use after: 122.9 MB.

Unloading 21 unused Assets to reduce memory usage. Loaded Objects now: 3355.
Total: 6.551126 ms (FindLiveObjects: 0.889269 ms CreateObjectMapping: 0.478080 ms MarkObjects: 5.082006 ms  DeleteObjects: 0.099309 ms)

AssetImportParameters requested are different than current active one (requested -> active):
  custom:graphics/normal-map-encoding: 01000000000000000000000000000000 -> 02000000000000000000000000000000
========================================================================
Received Prepare
Registering precompiled user dll's ...
Registered in 2.348669 seconds.
Begin MonoManager ReloadAssembly
Native extension for WindowsStandalone target not found
Refreshing native plugins compatible for Editor in 2.88 ms, found 5 plugins.
Preloading 0 native plugins for Editor in 0.00 ms.
Mono: successfully reloaded assembly
- Completed reload, in 12.004 seconds
Platform modules already initialized, skipping
Switching build target platform(5) subTarget(0) extendedPlatform(0) -> platform(13) subTarget(537395200) extendedPlatform(0)
Shader 'Universal Render Pipeline/Particles/Lit': fallback shader 'Universal Render Pipeline/Particles/SimpleLit' not found
Refreshing native plugins compatible for Editor in 1.62 ms, found 5 plugins.
Preloading 0 native plugins for Editor in 0.00 ms.
Unloading 2836 Unused Serialized files (Serialized files now loaded: 0)
System memory in use before: 122.7 MB.
System memory in use after: 123.0 MB.

Unloading 21 unused Assets to reduce memory usage. Loaded Objects now: 3358.
Total: 7.615622 ms (FindLiveObjects: 1.070242 ms CreateObjectMapping: 0.479721 ms MarkObjects: 5.964299 ms  DeleteObjects: 0.097668 ms)

AssetImportParameters requested are different than current active one (requested -> active):
  custom:graphics/normal-map-encoding: 01000000000000000000000000000000 -> 02000000000000000000000000000000
========================================================================
Received Prepare
Registering precompiled user dll's ...
Registered in 0.016299 seconds.
Begin MonoManager ReloadAssembly
Native extension for WindowsStandalone target not found
Refreshing native plugins compatible for Editor in 1.71 ms, found 5 plugins.
Preloading 0 native plugins for Editor in 0.00 ms.
Mono: successfully reloaded assembly
- Completed reload, in  2.666 seconds
Platform modules already initialized, skipping
Switching build target platform(5) subTarget(0) extendedPlatform(0) -> platform(13) subTarget(537395200) extendedPlatform(0)
Shader 'Universal Render Pipeline/Particles/Lit': fallback shader 'Universal Render Pipeline/Particles/SimpleLit' not found
Refreshing native plugins compatible for Editor in 2.78 ms, found 5 plugins.
Preloading 0 native plugins for Editor in 0.00 ms.
Unloading 2836 Unused Serialized files (Serialized files now loaded: 0)
System memory in use before: 122.7 MB.
System memory in use after: 123.0 MB.

Unloading 21 unused Assets to reduce memory usage. Loaded Objects now: 3361.
Total: 8.009987 ms (FindLiveObjects: 0.697627 ms CreateObjectMapping: 0.343479 ms MarkObjects: 6.892142 ms  DeleteObjects: 0.073866 ms)

AssetImportParameters requested are different than current active one (requested -> active):
  custom:graphics/normal-map-encoding: 01000000000000000000000000000000 -> 02000000000000000000000000000000
========================================================================
Received Import Request.
  Time since last request: 2286.252986 seconds.
  path: Assets/Scripts/PlayerInput.cs
  artifactKey: Guid(cc148c973681f7340901116f464b7bd5) Importer(815301076,1909f56bfc062723c751e8b465ee728b)
Start importing Assets/Scripts/PlayerInput.cs using Guid(cc148c973681f7340901116f464b7bd5) Importer(815301076,1909f56bfc062723c751e8b465ee728b)  -> (artifact id: '174ae71f62f8b0bd452a0edf64867953') in 0.016743 seconds
  Import took 0.028281 seconds .

========================================================================
Received Prepare
Registering precompiled user dll's ...
Registered in 0.025349 seconds.
Begin MonoManager ReloadAssembly
Native extension for WindowsStandalone target not found
Refreshing native plugins compatible for Editor in 2.22 ms, found 5 plugins.
Preloading 0 native plugins for Editor in 0.00 ms.
Mono: successfully reloaded assembly
- Completed reload, in  3.582 seconds
Platform modules already initialized, skipping
Switching build target platform(5) subTarget(0) extendedPlatform(0) -> platform(13) subTarget(537395200) extendedPlatform(0)
Shader 'Universal Render Pipeline/Particles/Lit': fallback shader 'Universal Render Pipeline/Particles/SimpleLit' not found
Refreshing native plugins compatible for Editor in 2.47 ms, found 5 plugins.
Preloading 0 native plugins for Editor in 0.00 ms.
Unloading 2836 Unused Serialized files (Serialized files now loaded: 0)
System memory in use before: 122.8 MB.
System memory in use after: 123.0 MB.

Unloading 21 unused Assets to reduce memory usage. Loaded Objects now: 3364.
Total: 6.736202 ms (FindLiveObjects: 1.019766 ms CreateObjectMapping: 0.473976 ms MarkObjects: 5.183777 ms  DeleteObjects: 0.054169 ms)

AssetImportParameters requested are different than current active one (requested -> active):
  custom:graphics/normal-map-encoding: 01000000000000000000000000000000 -> 02000000000000000000000000000000
========================================================================
Received Import Request.
  Time since last request: 511.896857 seconds.
  path: Assets/Scripts/PlayerInput.cs
  artifactKey: Guid(cc148c973681f7340901116f464b7bd5) Importer(815301076,1909f56bfc062723c751e8b465ee728b)
Start importing Assets/Scripts/PlayerInput.cs using Guid(cc148c973681f7340901116f464b7bd5) Importer(815301076,1909f56bfc062723c751e8b465ee728b)  -> (artifact id: '18f286d05a036aa36267c10a5bdcb22a') in 0.018158 seconds
  Import took 0.029748 seconds .

========================================================================
Received Import Request.
  Time since last request: 4.165582 seconds.
  path: Assets/Scripts/PlayerInput.cs
  artifactKey: Guid(cc148c973681f7340901116f464b7bd5) Importer(815301076,1909f56bfc062723c751e8b465ee728b)
Start importing Assets/Scripts/PlayerInput.cs using Guid(cc148c973681f7340901116f464b7bd5) Importer(815301076,1909f56bfc062723c751e8b465ee728b)  -> (artifact id: '18f286d05a036aa36267c10a5bdcb22a') in 0.013747 seconds
  Import took 0.027561 seconds .

========================================================================
Received Prepare
Registering precompiled user dll's ...
Registered in 0.017223 seconds.
Begin MonoManager ReloadAssembly
Native extension for WindowsStandalone target not found
Refreshing native plugins compatible for Editor in 1.80 ms, found 5 plugins.
Preloading 0 native plugins for Editor in 0.00 ms.
Mono: successfully reloaded assembly
- Completed reload, in  2.673 seconds
Platform modules already initialized, skipping
Switching build target platform(5) subTarget(0) extendedPlatform(0) -> platform(13) subTarget(537395200) extendedPlatform(0)
Shader 'Universal Render Pipeline/Particles/Lit': fallback shader 'Universal Render Pipeline/Particles/SimpleLit' not found
Refreshing native plugins compatible for Editor in 1.87 ms, found 5 plugins.
Preloading 0 native plugins for Editor in 0.00 ms.
Unloading 2836 Unused Serialized files (Serialized files now loaded: 0)
System memory in use before: 122.8 MB.
System memory in use after: 123.0 MB.

Unloading 21 unused Assets to reduce memory usage. Loaded Objects now: 3367.
Total: 6.022571 ms (FindLiveObjects: 0.713221 ms CreateObjectMapping: 0.315984 ms MarkObjects: 4.938787 ms  DeleteObjects: 0.051296 ms)

AssetImportParameters requested are different than current active one (requested -> active):
  custom:graphics/normal-map-encoding: 01000000000000000000000000000000 -> 02000000000000000000000000000000
========================================================================
Received Import Request.
  Time since last request: 153.273704 seconds.
  path: Assets/Scripts/PlayerInput.cs
  artifactKey: Guid(cc148c973681f7340901116f464b7bd5) Importer(815301076,1909f56bfc062723c751e8b465ee728b)
Start importing Assets/Scripts/PlayerInput.cs using Guid(cc148c973681f7340901116f464b7bd5) Importer(815301076,1909f56bfc062723c751e8b465ee728b)  -> (artifact id: '4e9f8ebca0a472f123beff5ebb74b59a') in 0.018238 seconds
  Import took 0.028542 seconds .

========================================================================
Received Prepare
Registering precompiled user dll's ...
Registered in 0.024110 seconds.
Begin MonoManager ReloadAssembly
Native extension for WindowsStandalone target not found
Refreshing native plugins compatible for Editor in 6.17 ms, found 5 plugins.
Preloading 0 native plugins for Editor in 0.00 ms.
Mono: successfully reloaded assembly
- Completed reload, in  4.234 seconds
Platform modules already initialized, skipping
Switching build target platform(5) subTarget(0) extendedPlatform(0) -> platform(13) subTarget(537395200) extendedPlatform(0)
Shader 'Universal Render Pipeline/Particles/Lit': fallback shader 'Universal Render Pipeline/Particles/SimpleLit' not found
Refreshing native plugins compatible for Editor in 2.44 ms, found 5 plugins.
Preloading 0 native plugins for Editor in 0.00 ms.
Unloading 2836 Unused Serialized files (Serialized files now loaded: 0)
System memory in use before: 122.8 MB.
System memory in use after: 123.0 MB.

Unloading 21 unused Assets to reduce memory usage. Loaded Objects now: 3370.
Total: 11.077903 ms (FindLiveObjects: 1.114972 ms CreateObjectMapping: 0.731687 ms MarkObjects: 9.038371 ms  DeleteObjects: 0.188770 ms)

AssetImportParameters requested are different than current active one (requested -> active):
  custom:graphics/normal-map-encoding: 01000000000000000000000000000000 -> 02000000000000000000000000000000
========================================================================
Received Prepare
Registering precompiled user dll's ...
Registered in 0.022112 seconds.
Begin MonoManager ReloadAssembly
Native extension for WindowsStandalone target not found
Refreshing native plugins compatible for Editor in 1.57 ms, found 5 plugins.
Preloading 0 native plugins for Editor in 0.00 ms.
Mono: successfully reloaded assembly
- Completed reload, in  2.734 seconds
Platform modules already initialized, skipping
Switching build target platform(5) subTarget(0) extendedPlatform(0) -> platform(13) subTarget(537395200) extendedPlatform(0)
Shader 'Universal Render Pipeline/Particles/Lit': fallback shader 'Universal Render Pipeline/Particles/SimpleLit' not found
Refreshing native plugins compatible for Editor in 1.51 ms, found 5 plugins.
Preloading 0 native plugins for Editor in 0.00 ms.
Unloading 2836 Unused Serialized files (Serialized files now loaded: 0)
System memory in use before: 122.8 MB.
System memory in use after: 123.0 MB.

Unloading 21 unused Assets to reduce memory usage. Loaded Objects now: 3373.
Total: 7.304973 ms (FindLiveObjects: 0.863416 ms CreateObjectMapping: 0.456330 ms MarkObjects: 5.761166 ms  DeleteObjects: 0.219547 ms)

AssetImportParameters requested are different than current active one (requested -> active):
  custom:graphics/normal-map-encoding: 01000000000000000000000000000000 -> 02000000000000000000000000000000
========================================================================
Received Import Request.
  Time since last request: 1591.964163 seconds.
  path: Assets/Scripts/PlayerInput.cs
  artifactKey: Guid(cc148c973681f7340901116f464b7bd5) Importer(815301076,1909f56bfc062723c751e8b465ee728b)
Start importing Assets/Scripts/PlayerInput.cs using Guid(cc148c973681f7340901116f464b7bd5) Importer(815301076,1909f56bfc062723c751e8b465ee728b)  -> (artifact id: '2c4074bd11d571a095bdb83d9515260f') in 0.016678 seconds
  Import took 0.027729 seconds .

========================================================================
Received Import Request.
  Time since last request: 540.690733 seconds.
  path: Assets/SPRITES/FX/HighFPS/2_magic8_spritesheet.png
  artifactKey: Guid(2a66f0ae0dbf40b4496b83550aa1187a) Importer(815301076,1909f56bfc062723c751e8b465ee728b)
Start importing Assets/SPRITES/FX/HighFPS/2_magic8_spritesheet.png using Guid(2a66f0ae0dbf40b4496b83550aa1187a) Importer(815301076,1909f56bfc062723c751e8b465ee728b)  -> (artifact id: '207127bc5418308062096a63014fc5da') in 1.115845 seconds
  Import took 1.214052 seconds .

========================================================================
Received Import Request.
  Time since last request: 0.000496 seconds.
  path: Assets/SPRITES/FX/HighFPS/3_bluefire_spritesheet.png
  artifactKey: Guid(50aad4ebf9991a446ba3331294842133) Importer(815301076,1909f56bfc062723c751e8b465ee728b)
Start importing Assets/SPRITES/FX/HighFPS/3_bluefire_spritesheet.png using Guid(50aad4ebf9991a446ba3331294842133) Importer(815301076,1909f56bfc062723c751e8b465ee728b)  -> (artifact id: 'c63cf35ffe9f43ffa13a17da57ef50cd') in 0.943744 seconds
  Import took 0.962075 seconds .

========================================================================
Received Prepare
Registering precompiled user dll's ...
Registered in 0.018775 seconds.
Begin MonoManager ReloadAssembly
Native extension for WindowsStandalone target not found
Refreshing native plugins compatible for Editor in 1.68 ms, found 5 plugins.
Preloading 0 native plugins for Editor in 0.00 ms.
Mono: successfully reloaded assembly
- Completed reload, in  2.721 seconds
Platform modules already initialized, skipping
Switching build target platform(5) subTarget(0) extendedPlatform(0) -> platform(13) subTarget(537395200) extendedPlatform(0)
Shader 'Universal Render Pipeline/Particles/Lit': fallback shader 'Universal Render Pipeline/Particles/SimpleLit' not found
Refreshing native plugins compatible for Editor in 1.73 ms, found 5 plugins.
Preloading 0 native plugins for Editor in 0.00 ms.
Unloading 2836 Unused Serialized files (Serialized files now loaded: 0)
System memory in use before: 125.8 MB.
System memory in use after: 126.0 MB.

Unloading 21 unused Assets to reduce memory usage. Loaded Objects now: 3383.
Total: 6.227755 ms (FindLiveObjects: 0.706655 ms CreateObjectMapping: 0.484645 ms MarkObjects: 4.978183 ms  DeleteObjects: 0.054989 ms)

AssetImportParameters requested are different than current active one (requested -> active):
  custom:graphics/normal-map-encoding: 01000000000000000000000000000000 -> 02000000000000000000000000000000
========================================================================
Received Import Request.
  Time since last request: 157.180529 seconds.
  path: Assets/Scripts/PlayerInput.cs
  artifactKey: Guid(cc148c973681f7340901116f464b7bd5) Importer(815301076,1909f56bfc062723c751e8b465ee728b)
Start importing Assets/Scripts/PlayerInput.cs using Guid(cc148c973681f7340901116f464b7bd5) Importer(815301076,1909f56bfc062723c751e8b465ee728b)  -> (artifact id: 'e446bbd1bfb7a5af09532e4a8e6620d5') in 0.018347 seconds
  Import took 0.029593 seconds .

========================================================================
Received Prepare
Registering precompiled user dll's ...
Registered in 0.019312 seconds.
Begin MonoManager ReloadAssembly
Native extension for WindowsStandalone target not found
Refreshing native plugins compatible for Editor in 2.35 ms, found 5 plugins.
Preloading 0 native plugins for Editor in 0.00 ms.
Mono: successfully reloaded assembly
- Completed reload, in  4.000 seconds
Platform modules already initialized, skipping
Switching build target platform(5) subTarget(0) extendedPlatform(0) -> platform(13) subTarget(537395200) extendedPlatform(0)
Shader 'Universal Render Pipeline/Particles/Lit': fallback shader 'Universal Render Pipeline/Particles/SimpleLit' not found
Refreshing native plugins compatible for Editor in 1.73 ms, found 5 plugins.
Preloading 0 native plugins for Editor in 0.00 ms.
Unloading 2836 Unused Serialized files (Serialized files now loaded: 0)
System memory in use before: 125.8 MB.
System memory in use after: 126.0 MB.

Unloading 21 unused Assets to reduce memory usage. Loaded Objects now: 3386.
Total: 8.430615 ms (FindLiveObjects: 0.956569 ms CreateObjectMapping: 0.643048 ms MarkObjects: 6.760414 ms  DeleteObjects: 0.066890 ms)

AssetImportParameters requested are different than current active one (requested -> active):
  custom:graphics/normal-map-encoding: 01000000000000000000000000000000 -> 02000000000000000000000000000000
========================================================================
Received Import Request.
  Time since last request: 165.855682 seconds.
  path: Assets/Scripts/PlayerInput.cs
  artifactKey: Guid(cc148c973681f7340901116f464b7bd5) Importer(815301076,1909f56bfc062723c751e8b465ee728b)
Start importing Assets/Scripts/PlayerInput.cs using Guid(cc148c973681f7340901116f464b7bd5) Importer(815301076,1909f56bfc062723c751e8b465ee728b)  -> (artifact id: '60cb40af1aaa109cf4018a84a2401e35') in 0.022796 seconds
  Import took 0.039370 seconds .

========================================================================
Received Import Request.
  Time since last request: 3.572255 seconds.
  path: Assets/Scripts/PlayerInput.cs
  artifactKey: Guid(cc148c973681f7340901116f464b7bd5) Importer(815301076,1909f56bfc062723c751e8b465ee728b)
Start importing Assets/Scripts/PlayerInput.cs using Guid(cc148c973681f7340901116f464b7bd5) Importer(815301076,1909f56bfc062723c751e8b465ee728b)  -> (artifact id: '60cb40af1aaa109cf4018a84a2401e35') in 0.013780 seconds
  Import took 0.029361 seconds .

========================================================================
Received Prepare
Registering precompiled user dll's ...
Registered in 0.042675 seconds.
Begin MonoManager ReloadAssembly
Native extension for WindowsStandalone target not found
Refreshing native plugins compatible for Editor in 2.07 ms, found 5 plugins.
Preloading 0 native plugins for Editor in 0.00 ms.
Mono: successfully reloaded assembly
- Completed reload, in  3.327 seconds
Platform modules already initialized, skipping
Switching build target platform(5) subTarget(0) extendedPlatform(0) -> platform(13) subTarget(537395200) extendedPlatform(0)
Shader 'Universal Render Pipeline/Particles/Lit': fallback shader 'Universal Render Pipeline/Particles/SimpleLit' not found
Refreshing native plugins compatible for Editor in 1.61 ms, found 5 plugins.
Preloading 0 native plugins for Editor in 0.00 ms.
Unloading 2836 Unused Serialized files (Serialized files now loaded: 0)
System memory in use before: 125.8 MB.
System memory in use after: 126.0 MB.

Unloading 21 unused Assets to reduce memory usage. Loaded Objects now: 3389.
Total: 6.357432 ms (FindLiveObjects: 0.727173 ms CreateObjectMapping: 0.330347 ms MarkObjects: 5.238767 ms  DeleteObjects: 0.057452 ms)

AssetImportParameters requested are different than current active one (requested -> active):
  custom:graphics/normal-map-encoding: 01000000000000000000000000000000 -> 02000000000000000000000000000000
AssetImportWorkerClient::OnTransportError - code=2 error=End of file
